=== RUN   TestAgentGeneratorTestSuite
=== RUN   TestAgentGeneratorTestSuite/TestAgentConfigBusinessRules
=== RUN   TestAgentGeneratorTestSuite/TestAgentConfigBusinessRules/business_rules_TestAgent1
=== RUN   TestAgentGeneratorTestSuite/TestAgentConfigBusinessRules/business_rules_TestAgent2
=== RUN   TestAgentGeneratorTestSuite/TestAgentConfigCapabilities
=== RUN   TestAgentGeneratorTestSuite/TestAgentConfigCapabilities/capabilities_TestAgent1
=== RUN   TestAgentGeneratorTestSuite/TestAgentConfigCapabilities/capabilities_TestAgent2
=== RUN   TestAgentGeneratorTestSuite/TestAgentConfigCreation
=== RUN   TestAgentGeneratorTestSuite/TestAgentConfigCreation/config_TestAgent1
=== RUN   TestAgentGeneratorTestSuite/TestAgentConfigCreation/config_TestAgent2
=== RUN   TestAgentGeneratorTestSuite/TestAgentConfigDefaults
=== RUN   TestAgentGeneratorTestSuite/TestAgentConfigLimitations
=== RUN   TestAgentGeneratorTestSuite/TestAgentConfigLimitations/limitations_TestAgent1
=== RUN   TestAgentGeneratorTestSuite/TestAgentConfigLimitations/limitations_TestAgent2
=== RUN   TestAgentGeneratorTestSuite/TestAgentConfigSecurity
=== RUN   TestAgentGeneratorTestSuite/TestAgentConfigSecurity/security_TestAgent1
=== RUN   TestAgentGeneratorTestSuite/TestAgentConfigSecurity/security_TestAgent2
=== RUN   TestAgentGeneratorTestSuite/TestAgentConfigValidation
=== RUN   TestAgentGeneratorTestSuite/TestAgentConfigValidation/valid_episodic_web_search
=== RUN   TestAgentGeneratorTestSuite/TestAgentConfigValidation/valid_none_web_search
=== RUN   TestAgentGeneratorTestSuite/TestAgentConfigValidation/valid_episodic_database
=== RUN   TestAgentGeneratorTestSuite/TestAgentConfigValidation/valid_none_database
=== RUN   TestAgentGeneratorTestSuite/TestAgentConfigValidation/valid_episodic_api
=== RUN   TestAgentGeneratorTestSuite/TestAgentConfigValidation/valid_none_api
=== RUN   TestAgentGeneratorTestSuite/TestAgentConfigValidation/valid_episodic_file_system
=== RUN   TestAgentGeneratorTestSuite/TestAgentConfigValidation/valid_none_file_system
=== RUN   TestAgentGeneratorTestSuite/TestAgentConfigValidation/valid_episodic_email
=== RUN   TestAgentGeneratorTestSuite/TestAgentConfigValidation/valid_none_email
=== RUN   TestAgentGeneratorTestSuite/TestAgentConfigValidation/valid_episodic_web_search_database
=== RUN   TestAgentGeneratorTestSuite/TestAgentConfigValidation/valid_none_web_search_database
=== RUN   TestAgentGeneratorTestSuite/TestAgentConfigValidation/valid_episodic_api_email
=== RUN   TestAgentGeneratorTestSuite/TestAgentConfigValidation/valid_none_api_email
=== RUN   TestAgentGeneratorTestSuite/TestAgentConfigValidation/valid_episodic_file_system_api_database
=== RUN   TestAgentGeneratorTestSuite/TestAgentConfigValidation/valid_none_file_system_api_database
=== RUN   TestAgentGeneratorTestSuite/TestAgentConfigValidation/valid_episodic_
=== RUN   TestAgentGeneratorTestSuite/TestAgentConfigValidation/valid_none_
=== RUN   TestAgentGeneratorTestSuite/TestAgentConfigValidation/invalid_tools_invalid_tool
=== RUN   TestAgentGeneratorTestSuite/TestAgentConfigValidation/invalid_tools_web_search_invalid_tool
=== RUN   TestAgentGeneratorTestSuite/TestAgentConfigValidation/invalid_tools_database_invalid_tool_api
=== RUN   TestAgentGeneratorTestSuite/TestAgentConfigValidation/invalid_memory_invalid_memory
=== RUN   TestAgentGeneratorTestSuite/TestAgentConfigValidation/invalid_memory_
=== RUN   TestAgentGeneratorTestSuite/TestAgentConfigValidation/invalid_memory_memory
=== RUN   TestAgentGeneratorTestSuite/TestAgentConfigValidation/invalid_memory_episodic_memory
=== RUN   TestAgentGeneratorTestSuite/TestAgentConfigValidationEdgeCases
=== RUN   TestAgentGeneratorTestSuite/TestAgentNameValidation
=== RUN   TestAgentGeneratorTestSuite/TestAgentNameValidation/valid_SupportBot
=== RUN   TestAgentGeneratorTestSuite/TestAgentNameValidation/valid_EmailBot
=== RUN   TestAgentGeneratorTestSuite/TestAgentNameValidation/valid_FileBot
=== RUN   TestAgentGeneratorTestSuite/TestAgentNameValidation/valid_test_agent
=== RUN   TestAgentGeneratorTestSuite/TestAgentNameValidation/valid_agent-123
=== RUN   TestAgentGeneratorTestSuite/TestAgentNameValidation/valid_MyAgent
=== RUN   TestAgentGeneratorTestSuite/TestAgentNameValidation/invalid_
=== RUN   TestAgentGeneratorTestSuite/TestAgentNameValidation/invalid_a
    helpers.go:567: 
        	Error Trace:	/Users/jedfordseculles/Projects/contexis/tests/unit/helpers/helpers.go:567
        	            				/Users/jedfordseculles/Projects/contexis/tests/unit/agent_generator_test.go:133
        	Error:      	Should be true
        	Test:       	TestAgentGeneratorTestSuite/TestAgentNameValidation/invalid_a
        	Messages:   	Agent name should be at least 2 characters
=== RUN   TestAgentGeneratorTestSuite/TestAgentNameValidation/invalid_invalid_name_with_spaces
    helpers.go:568: 
        	Error Trace:	/Users/jedfordseculles/Projects/contexis/tests/unit/helpers/helpers.go:568
        	            				/Users/jedfordseculles/Projects/contexis/tests/unit/agent_generator_test.go:133
        	Error:      	Should be false
        	Test:       	TestAgentGeneratorTestSuite/TestAgentNameValidation/invalid_invalid_name_with_spaces
        	Messages:   	Agent name should not contain spaces
=== RUN   TestAgentGeneratorTestSuite/TestAgentNameValidation/invalid_invalid-name-with-special-chars!@#
    helpers.go:571: 
        	Error Trace:	/Users/jedfordseculles/Projects/contexis/tests/unit/helpers/helpers.go:571
        	            				/Users/jedfordseculles/Projects/contexis/tests/unit/agent_generator_test.go:133
        	Error:      	Should be false
        	Test:       	TestAgentGeneratorTestSuite/TestAgentNameValidation/invalid_invalid-name-with-special-chars!@#
        	Messages:   	Agent name should not contain special characters
=== RUN   TestAgentGeneratorTestSuite/TestAgentNameValidation/invalid_invalid/name/with/slashes
    helpers.go:569: 
        	Error Trace:	/Users/jedfordseculles/Projects/contexis/tests/unit/helpers/helpers.go:569
        	            				/Users/jedfordseculles/Projects/contexis/tests/unit/agent_generator_test.go:133
        	Error:      	Should be false
        	Test:       	TestAgentGeneratorTestSuite/TestAgentNameValidation/invalid_invalid/name/with/slashes
        	Messages:   	Agent name should not contain slashes
=== RUN   TestAgentGeneratorTestSuite/TestAgentNameValidation/invalid_invalid\name\with\backslashes
    helpers.go:570: 
        	Error Trace:	/Users/jedfordseculles/Projects/contexis/tests/unit/helpers/helpers.go:570
        	            				/Users/jedfordseculles/Projects/contexis/tests/unit/agent_generator_test.go:133
        	Error:      	Should be false
        	Test:       	TestAgentGeneratorTestSuite/TestAgentNameValidation/invalid_invalid\name\with\backslashes
        	Messages:   	Agent name should not contain backslashes
=== RUN   TestAgentGeneratorTestSuite/TestMemoryTypeValidation
=== RUN   TestAgentGeneratorTestSuite/TestMemoryTypeValidation/valid_episodic
=== RUN   TestAgentGeneratorTestSuite/TestMemoryTypeValidation/valid_none
=== RUN   TestAgentGeneratorTestSuite/TestMemoryTypeValidation/invalid_invalid_memory
    helpers.go:589: 
        	Error Trace:	/Users/jedfordseculles/Projects/contexis/tests/unit/helpers/helpers.go:589
        	            				/Users/jedfordseculles/Projects/contexis/tests/unit/agent_generator_test.go:157
        	Error:      	[]string{"episodic", "none"} does not contain "invalid_memory"
        	Test:       	TestAgentGeneratorTestSuite/TestMemoryTypeValidation/invalid_invalid_memory
        	Messages:   	Memory type should be valid: invalid_memory
=== RUN   TestAgentGeneratorTestSuite/TestMemoryTypeValidation/invalid_
=== RUN   TestAgentGeneratorTestSuite/TestMemoryTypeValidation/invalid_memory
    helpers.go:589: 
        	Error Trace:	/Users/jedfordseculles/Projects/contexis/tests/unit/helpers/helpers.go:589
        	            				/Users/jedfordseculles/Projects/contexis/tests/unit/agent_generator_test.go:157
        	Error:      	[]string{"episodic", "none"} does not contain "memory"
        	Test:       	TestAgentGeneratorTestSuite/TestMemoryTypeValidation/invalid_memory
        	Messages:   	Memory type should be valid: memory
=== RUN   TestAgentGeneratorTestSuite/TestMemoryTypeValidation/invalid_episodic_memory
    helpers.go:589: 
        	Error Trace:	/Users/jedfordseculles/Projects/contexis/tests/unit/helpers/helpers.go:589
        	            				/Users/jedfordseculles/Projects/contexis/tests/unit/agent_generator_test.go:157
        	Error:      	[]string{"episodic", "none"} does not contain "episodic_memory"
        	Test:       	TestAgentGeneratorTestSuite/TestMemoryTypeValidation/invalid_episodic_memory
        	Messages:   	Memory type should be valid: episodic_memory
=== RUN   TestAgentGeneratorTestSuite/TestToolStructure
=== RUN   TestAgentGeneratorTestSuite/TestToolStructure/tool_web_search
=== RUN   TestAgentGeneratorTestSuite/TestToolStructure/tool_database
=== RUN   TestAgentGeneratorTestSuite/TestToolStructure/tool_api
=== RUN   TestAgentGeneratorTestSuite/TestToolStructure/tool_file_system
=== RUN   TestAgentGeneratorTestSuite/TestToolStructure/tool_email
--- FAIL: TestAgentGeneratorTestSuite (0.00s)
    --- PASS: TestAgentGeneratorTestSuite/TestAgentConfigBusinessRules (0.00s)
        --- PASS: TestAgentGeneratorTestSuite/TestAgentConfigBusinessRules/business_rules_TestAgent1 (0.00s)
        --- PASS: TestAgentGeneratorTestSuite/TestAgentConfigBusinessRules/business_rules_TestAgent2 (0.00s)
    --- PASS: TestAgentGeneratorTestSuite/TestAgentConfigCapabilities (0.00s)
        --- PASS: TestAgentGeneratorTestSuite/TestAgentConfigCapabilities/capabilities_TestAgent1 (0.00s)
        --- PASS: TestAgentGeneratorTestSuite/TestAgentConfigCapabilities/capabilities_TestAgent2 (0.00s)
    --- PASS: TestAgentGeneratorTestSuite/TestAgentConfigCreation (0.00s)
        --- PASS: TestAgentGeneratorTestSuite/TestAgentConfigCreation/config_TestAgent1 (0.00s)
        --- PASS: TestAgentGeneratorTestSuite/TestAgentConfigCreation/config_TestAgent2 (0.00s)
    --- PASS: TestAgentGeneratorTestSuite/TestAgentConfigDefaults (0.00s)
    --- PASS: TestAgentGeneratorTestSuite/TestAgentConfigLimitations (0.00s)
        --- PASS: TestAgentGeneratorTestSuite/TestAgentConfigLimitations/limitations_TestAgent1 (0.00s)
        --- PASS: TestAgentGeneratorTestSuite/TestAgentConfigLimitations/limitations_TestAgent2 (0.00s)
    --- PASS: TestAgentGeneratorTestSuite/TestAgentConfigSecurity (0.00s)
        --- PASS: TestAgentGeneratorTestSuite/TestAgentConfigSecurity/security_TestAgent1 (0.00s)
        --- PASS: TestAgentGeneratorTestSuite/TestAgentConfigSecurity/security_TestAgent2 (0.00s)
    --- PASS: TestAgentGeneratorTestSuite/TestAgentConfigValidation (0.00s)
        --- PASS: TestAgentGeneratorTestSuite/TestAgentConfigValidation/valid_episodic_web_search (0.00s)
        --- PASS: TestAgentGeneratorTestSuite/TestAgentConfigValidation/valid_none_web_search (0.00s)
        --- PASS: TestAgentGeneratorTestSuite/TestAgentConfigValidation/valid_episodic_database (0.00s)
        --- PASS: TestAgentGeneratorTestSuite/TestAgentConfigValidation/valid_none_database (0.00s)
        --- PASS: TestAgentGeneratorTestSuite/TestAgentConfigValidation/valid_episodic_api (0.00s)
        --- PASS: TestAgentGeneratorTestSuite/TestAgentConfigValidation/valid_none_api (0.00s)
        --- PASS: TestAgentGeneratorTestSuite/TestAgentConfigValidation/valid_episodic_file_system (0.00s)
        --- PASS: TestAgentGeneratorTestSuite/TestAgentConfigValidation/valid_none_file_system (0.00s)
        --- PASS: TestAgentGeneratorTestSuite/TestAgentConfigValidation/valid_episodic_email (0.00s)
        --- PASS: TestAgentGeneratorTestSuite/TestAgentConfigValidation/valid_none_email (0.00s)
        --- PASS: TestAgentGeneratorTestSuite/TestAgentConfigValidation/valid_episodic_web_search_database (0.00s)
        --- PASS: TestAgentGeneratorTestSuite/TestAgentConfigValidation/valid_none_web_search_database (0.00s)
        --- PASS: TestAgentGeneratorTestSuite/TestAgentConfigValidation/valid_episodic_api_email (0.00s)
        --- PASS: TestAgentGeneratorTestSuite/TestAgentConfigValidation/valid_none_api_email (0.00s)
        --- PASS: TestAgentGeneratorTestSuite/TestAgentConfigValidation/valid_episodic_file_system_api_database (0.00s)
        --- PASS: TestAgentGeneratorTestSuite/TestAgentConfigValidation/valid_none_file_system_api_database (0.00s)
        --- PASS: TestAgentGeneratorTestSuite/TestAgentConfigValidation/valid_episodic_ (0.00s)
        --- PASS: TestAgentGeneratorTestSuite/TestAgentConfigValidation/valid_none_ (0.00s)
        --- PASS: TestAgentGeneratorTestSuite/TestAgentConfigValidation/invalid_tools_invalid_tool (0.00s)
        --- PASS: TestAgentGeneratorTestSuite/TestAgentConfigValidation/invalid_tools_web_search_invalid_tool (0.00s)
        --- PASS: TestAgentGeneratorTestSuite/TestAgentConfigValidation/invalid_tools_database_invalid_tool_api (0.00s)
        --- PASS: TestAgentGeneratorTestSuite/TestAgentConfigValidation/invalid_memory_invalid_memory (0.00s)
        --- PASS: TestAgentGeneratorTestSuite/TestAgentConfigValidation/invalid_memory_ (0.00s)
        --- PASS: TestAgentGeneratorTestSuite/TestAgentConfigValidation/invalid_memory_memory (0.00s)
        --- PASS: TestAgentGeneratorTestSuite/TestAgentConfigValidation/invalid_memory_episodic_memory (0.00s)
    --- PASS: TestAgentGeneratorTestSuite/TestAgentConfigValidationEdgeCases (0.00s)
    --- FAIL: TestAgentGeneratorTestSuite/TestAgentNameValidation (0.00s)
        --- PASS: TestAgentGeneratorTestSuite/TestAgentNameValidation/valid_SupportBot (0.00s)
        --- PASS: TestAgentGeneratorTestSuite/TestAgentNameValidation/valid_EmailBot (0.00s)
        --- PASS: TestAgentGeneratorTestSuite/TestAgentNameValidation/valid_FileBot (0.00s)
        --- PASS: TestAgentGeneratorTestSuite/TestAgentNameValidation/valid_test_agent (0.00s)
        --- PASS: TestAgentGeneratorTestSuite/TestAgentNameValidation/valid_agent-123 (0.00s)
        --- PASS: TestAgentGeneratorTestSuite/TestAgentNameValidation/valid_MyAgent (0.00s)
        --- PASS: TestAgentGeneratorTestSuite/TestAgentNameValidation/invalid_ (0.00s)
        --- FAIL: TestAgentGeneratorTestSuite/TestAgentNameValidation/invalid_a (0.00s)
        --- FAIL: TestAgentGeneratorTestSuite/TestAgentNameValidation/invalid_invalid_name_with_spaces (0.00s)
        --- FAIL: TestAgentGeneratorTestSuite/TestAgentNameValidation/invalid_invalid-name-with-special-chars!@# (0.00s)
        --- FAIL: TestAgentGeneratorTestSuite/TestAgentNameValidation/invalid_invalid/name/with/slashes (0.00s)
        --- FAIL: TestAgentGeneratorTestSuite/TestAgentNameValidation/invalid_invalid\name\with\backslashes (0.00s)
    --- FAIL: TestAgentGeneratorTestSuite/TestMemoryTypeValidation (0.00s)
        --- PASS: TestAgentGeneratorTestSuite/TestMemoryTypeValidation/valid_episodic (0.00s)
        --- PASS: TestAgentGeneratorTestSuite/TestMemoryTypeValidation/valid_none (0.00s)
        --- FAIL: TestAgentGeneratorTestSuite/TestMemoryTypeValidation/invalid_invalid_memory (0.00s)
        --- PASS: TestAgentGeneratorTestSuite/TestMemoryTypeValidation/invalid_ (0.00s)
        --- FAIL: TestAgentGeneratorTestSuite/TestMemoryTypeValidation/invalid_memory (0.00s)
        --- FAIL: TestAgentGeneratorTestSuite/TestMemoryTypeValidation/invalid_episodic_memory (0.00s)
    --- PASS: TestAgentGeneratorTestSuite/TestToolStructure (0.00s)
        --- PASS: TestAgentGeneratorTestSuite/TestToolStructure/tool_web_search (0.00s)
        --- PASS: TestAgentGeneratorTestSuite/TestToolStructure/tool_database (0.00s)
        --- PASS: TestAgentGeneratorTestSuite/TestToolStructure/tool_api (0.00s)
        --- PASS: TestAgentGeneratorTestSuite/TestToolStructure/tool_file_system (0.00s)
        --- PASS: TestAgentGeneratorTestSuite/TestToolStructure/tool_email (0.00s)
=== RUN   TestCLICommandsTestSuite
=== RUN   TestCLICommandsTestSuite/TestAgentCommandExecution
=== RUN   TestCLICommandsTestSuite/TestAgentCommandExecution/successful_execution
{"level":"INFO","timestamp":"2025-08-11T17:28:51.495+0800","caller":"commands/agent_generator.go:91","msg":"generating agent","name":"TestAgent","tools":["web_search"],"memory":"episodic"}
{"level":"ERROR","timestamp":"2025-08-11T17:28:51.495+0800","caller":"commands/agent_generator.go:240","msg":"failed to parse agent context template","error":"open templates/agent/support_bot.ctx: no such file or directory","stacktrace":"github.com/contexis-cmp/contexis/src/cli/commands.generateAgentContext\n\t/Users/jedfordseculles/Projects/contexis/src/cli/commands/agent_generator.go:240\ngithub.com/contexis-cmp/contexis/src/cli/commands.GenerateAgent\n\t/Users/jedfordseculles/Projects/contexis/src/cli/commands/agent_generator.go:115\ngithub.com/contexis-cmp/contexis/src/cli/commands.GetAgentCommand.func1\n\t/Users/jedfordseculles/Projects/contexis/src/cli/commands/cli_commands.go:57\ngithub.com/spf13/cobra.(*Command).execute\n\t/Users/jedfordseculles/go/pkg/mod/github.com/spf13/cobra@v1.7.0/command.go:940\ngithub.com/spf13/cobra.(*Command).ExecuteC\n\t/Users/jedfordseculles/go/pkg/mod/github.com/spf13/cobra@v1.7.0/command.go:1068\ngithub.com/spf13/cobra.(*Command).Execute\n\t/Users/jedfordseculles/go/pkg/mod/github.com/spf13/cobra@v1.7.0/command.go:992\ngithub.com/contexis-cmp/contexis/tests/unit.(*CLICommandsTestSuite).TestAgentCommandExecution.func1\n\t/Users/jedfordseculles/Projects/contexis/tests/unit/cli_commands_test.go:186\ntesting.tRunner\n\t/Users/jedfordseculles/.local/share/mise/installs/go/1.24.6/src/testing/testing.go:1792"}
{"level":"ERROR","timestamp":"2025-08-11T17:28:51.495+0800","caller":"commands/agent_generator.go:116","msg":"failed to generate agent context","error":"failed to parse template: open templates/agent/support_bot.ctx: no such file or directory","stacktrace":"github.com/contexis-cmp/contexis/src/cli/commands.GenerateAgent\n\t/Users/jedfordseculles/Projects/contexis/src/cli/commands/agent_generator.go:116\ngithub.com/contexis-cmp/contexis/src/cli/commands.GetAgentCommand.func1\n\t/Users/jedfordseculles/Projects/contexis/src/cli/commands/cli_commands.go:57\ngithub.com/spf13/cobra.(*Command).execute\n\t/Users/jedfordseculles/go/pkg/mod/github.com/spf13/cobra@v1.7.0/command.go:940\ngithub.com/spf13/cobra.(*Command).ExecuteC\n\t/Users/jedfordseculles/go/pkg/mod/github.com/spf13/cobra@v1.7.0/command.go:1068\ngithub.com/spf13/cobra.(*Command).Execute\n\t/Users/jedfordseculles/go/pkg/mod/github.com/spf13/cobra@v1.7.0/command.go:992\ngithub.com/contexis-cmp/contexis/tests/unit.(*CLICommandsTestSuite).TestAgentCommandExecution.func1\n\t/Users/jedfordseculles/Projects/contexis/tests/unit/cli_commands_test.go:186\ntesting.tRunner\n\t/Users/jedfordseculles/.local/share/mise/installs/go/1.24.6/src/testing/testing.go:1792"}
Error: failed to generate agent context: failed to parse template: open templates/agent/support_bot.ctx: no such file or directory
Usage:
  agent [name] [flags]

Flags:
  -h, --help            help for agent
  -m, --memory string   Memory type (episodic,none) (default "episodic")
  -t, --tools string    Comma-separated list of tools (web_search,database,api,file_system,email)

    cli_commands_test.go:187: 
        	Error Trace:	/Users/jedfordseculles/Projects/contexis/tests/unit/cli_commands_test.go:187
        	Error:      	Received unexpected error:
        	            	failed to generate agent context: failed to parse template: open templates/agent/support_bot.ctx: no such file or directory
        	Test:       	TestCLICommandsTestSuite/TestAgentCommandExecution/successful_execution
        	Messages:   	Agent command should execute successfully
=== RUN   TestCLICommandsTestSuite/TestAgentCommandExecution/missing_tools_flag
{"level":"INFO","timestamp":"2025-08-11T17:28:51.496+0800","caller":"commands/agent_generator.go:91","msg":"generating agent","name":"TestAgent","tools":["web_search"],"memory":"episodic"}
{"level":"ERROR","timestamp":"2025-08-11T17:28:51.496+0800","caller":"commands/agent_generator.go:240","msg":"failed to parse agent context template","error":"open templates/agent/support_bot.ctx: no such file or directory","stacktrace":"github.com/contexis-cmp/contexis/src/cli/commands.generateAgentContext\n\t/Users/jedfordseculles/Projects/contexis/src/cli/commands/agent_generator.go:240\ngithub.com/contexis-cmp/contexis/src/cli/commands.GenerateAgent\n\t/Users/jedfordseculles/Projects/contexis/src/cli/commands/agent_generator.go:115\ngithub.com/contexis-cmp/contexis/src/cli/commands.GetAgentCommand.func1\n\t/Users/jedfordseculles/Projects/contexis/src/cli/commands/cli_commands.go:57\ngithub.com/spf13/cobra.(*Command).execute\n\t/Users/jedfordseculles/go/pkg/mod/github.com/spf13/cobra@v1.7.0/command.go:940\ngithub.com/spf13/cobra.(*Command).ExecuteC\n\t/Users/jedfordseculles/go/pkg/mod/github.com/spf13/cobra@v1.7.0/command.go:1068\ngithub.com/spf13/cobra.(*Command).Execute\n\t/Users/jedfordseculles/go/pkg/mod/github.com/spf13/cobra@v1.7.0/command.go:992\ngithub.com/contexis-cmp/contexis/tests/unit.(*CLICommandsTestSuite).TestAgentCommandExecution.func2\n\t/Users/jedfordseculles/Projects/contexis/tests/unit/cli_commands_test.go:193\ntesting.tRunner\n\t/Users/jedfordseculles/.local/share/mise/installs/go/1.24.6/src/testing/testing.go:1792"}
{"level":"ERROR","timestamp":"2025-08-11T17:28:51.496+0800","caller":"commands/agent_generator.go:116","msg":"failed to generate agent context","error":"failed to parse template: open templates/agent/support_bot.ctx: no such file or directory","stacktrace":"github.com/contexis-cmp/contexis/src/cli/commands.GenerateAgent\n\t/Users/jedfordseculles/Projects/contexis/src/cli/commands/agent_generator.go:116\ngithub.com/contexis-cmp/contexis/src/cli/commands.GetAgentCommand.func1\n\t/Users/jedfordseculles/Projects/contexis/src/cli/commands/cli_commands.go:57\ngithub.com/spf13/cobra.(*Command).execute\n\t/Users/jedfordseculles/go/pkg/mod/github.com/spf13/cobra@v1.7.0/command.go:940\ngithub.com/spf13/cobra.(*Command).ExecuteC\n\t/Users/jedfordseculles/go/pkg/mod/github.com/spf13/cobra@v1.7.0/command.go:1068\ngithub.com/spf13/cobra.(*Command).Execute\n\t/Users/jedfordseculles/go/pkg/mod/github.com/spf13/cobra@v1.7.0/command.go:992\ngithub.com/contexis-cmp/contexis/tests/unit.(*CLICommandsTestSuite).TestAgentCommandExecution.func2\n\t/Users/jedfordseculles/Projects/contexis/tests/unit/cli_commands_test.go:193\ntesting.tRunner\n\t/Users/jedfordseculles/.local/share/mise/installs/go/1.24.6/src/testing/testing.go:1792"}
Error: failed to generate agent context: failed to parse template: open templates/agent/support_bot.ctx: no such file or directory
Usage:
  agent [name] [flags]

Flags:
  -h, --help            help for agent
  -m, --memory string   Memory type (episodic,none) (default "episodic")
  -t, --tools string    Comma-separated list of tools (web_search,database,api,file_system,email)

=== RUN   TestCLICommandsTestSuite/TestAgentCommandExecution/missing_memory_flag
{"level":"INFO","timestamp":"2025-08-11T17:28:51.496+0800","caller":"commands/agent_generator.go:91","msg":"generating agent","name":"TestAgent","tools":["web_search"],"memory":"episodic"}
{"level":"ERROR","timestamp":"2025-08-11T17:28:51.496+0800","caller":"commands/agent_generator.go:240","msg":"failed to parse agent context template","error":"open templates/agent/support_bot.ctx: no such file or directory","stacktrace":"github.com/contexis-cmp/contexis/src/cli/commands.generateAgentContext\n\t/Users/jedfordseculles/Projects/contexis/src/cli/commands/agent_generator.go:240\ngithub.com/contexis-cmp/contexis/src/cli/commands.GenerateAgent\n\t/Users/jedfordseculles/Projects/contexis/src/cli/commands/agent_generator.go:115\ngithub.com/contexis-cmp/contexis/src/cli/commands.GetAgentCommand.func1\n\t/Users/jedfordseculles/Projects/contexis/src/cli/commands/cli_commands.go:57\ngithub.com/spf13/cobra.(*Command).execute\n\t/Users/jedfordseculles/go/pkg/mod/github.com/spf13/cobra@v1.7.0/command.go:940\ngithub.com/spf13/cobra.(*Command).ExecuteC\n\t/Users/jedfordseculles/go/pkg/mod/github.com/spf13/cobra@v1.7.0/command.go:1068\ngithub.com/spf13/cobra.(*Command).Execute\n\t/Users/jedfordseculles/go/pkg/mod/github.com/spf13/cobra@v1.7.0/command.go:992\ngithub.com/contexis-cmp/contexis/tests/unit.(*CLICommandsTestSuite).TestAgentCommandExecution.func3\n\t/Users/jedfordseculles/Projects/contexis/tests/unit/cli_commands_test.go:200\ntesting.tRunner\n\t/Users/jedfordseculles/.local/share/mise/installs/go/1.24.6/src/testing/testing.go:1792"}
{"level":"ERROR","timestamp":"2025-08-11T17:28:51.496+0800","caller":"commands/agent_generator.go:116","msg":"failed to generate agent context","error":"failed to parse template: open templates/agent/support_bot.ctx: no such file or directory","stacktrace":"github.com/contexis-cmp/contexis/src/cli/commands.GenerateAgent\n\t/Users/jedfordseculles/Projects/contexis/src/cli/commands/agent_generator.go:116\ngithub.com/contexis-cmp/contexis/src/cli/commands.GetAgentCommand.func1\n\t/Users/jedfordseculles/Projects/contexis/src/cli/commands/cli_commands.go:57\ngithub.com/spf13/cobra.(*Command).execute\n\t/Users/jedfordseculles/go/pkg/mod/github.com/spf13/cobra@v1.7.0/command.go:940\ngithub.com/spf13/cobra.(*Command).ExecuteC\n\t/Users/jedfordseculles/go/pkg/mod/github.com/spf13/cobra@v1.7.0/command.go:1068\ngithub.com/spf13/cobra.(*Command).Execute\n\t/Users/jedfordseculles/go/pkg/mod/github.com/spf13/cobra@v1.7.0/command.go:992\ngithub.com/contexis-cmp/contexis/tests/unit.(*CLICommandsTestSuite).TestAgentCommandExecution.func3\n\t/Users/jedfordseculles/Projects/contexis/tests/unit/cli_commands_test.go:200\ntesting.tRunner\n\t/Users/jedfordseculles/.local/share/mise/installs/go/1.24.6/src/testing/testing.go:1792"}
Error: failed to generate agent context: failed to parse template: open templates/agent/support_bot.ctx: no such file or directory
Usage:
  agent [name] [flags]

Flags:
  -h, --help            help for agent
  -m, --memory string   Memory type (episodic,none) (default "episodic")
  -t, --tools string    Comma-separated list of tools (web_search,database,api,file_system,email)

=== RUN   TestCLICommandsTestSuite/TestAgentCommandFlagValidation
=== RUN   TestCLICommandsTestSuite/TestAgentCommandFlagValidation/valid_tools_web_search
{"level":"INFO","timestamp":"2025-08-11T17:28:51.496+0800","caller":"commands/agent_generator.go:91","msg":"generating agent","name":"TestAgent","tools":["web_search"],"memory":"episodic"}
{"level":"ERROR","timestamp":"2025-08-11T17:28:51.496+0800","caller":"commands/agent_generator.go:240","msg":"failed to parse agent context template","error":"open templates/agent/support_bot.ctx: no such file or directory","stacktrace":"github.com/contexis-cmp/contexis/src/cli/commands.generateAgentContext\n\t/Users/jedfordseculles/Projects/contexis/src/cli/commands/agent_generator.go:240\ngithub.com/contexis-cmp/contexis/src/cli/commands.GenerateAgent\n\t/Users/jedfordseculles/Projects/contexis/src/cli/commands/agent_generator.go:115\ngithub.com/contexis-cmp/contexis/src/cli/commands.GetAgentCommand.func1\n\t/Users/jedfordseculles/Projects/contexis/src/cli/commands/cli_commands.go:57\ngithub.com/spf13/cobra.(*Command).execute\n\t/Users/jedfordseculles/go/pkg/mod/github.com/spf13/cobra@v1.7.0/command.go:940\ngithub.com/spf13/cobra.(*Command).ExecuteC\n\t/Users/jedfordseculles/go/pkg/mod/github.com/spf13/cobra@v1.7.0/command.go:1068\ngithub.com/spf13/cobra.(*Command).Execute\n\t/Users/jedfordseculles/go/pkg/mod/github.com/spf13/cobra@v1.7.0/command.go:992\ngithub.com/contexis-cmp/contexis/tests/unit.(*CLICommandsTestSuite).TestAgentCommandFlagValidation.func1\n\t/Users/jedfordseculles/Projects/contexis/tests/unit/cli_commands_test.go:138\ntesting.tRunner\n\t/Users/jedfordseculles/.local/share/mise/installs/go/1.24.6/src/testing/testing.go:1792"}
{"level":"ERROR","timestamp":"2025-08-11T17:28:51.496+0800","caller":"commands/agent_generator.go:116","msg":"failed to generate agent context","error":"failed to parse template: open templates/agent/support_bot.ctx: no such file or directory","stacktrace":"github.com/contexis-cmp/contexis/src/cli/commands.GenerateAgent\n\t/Users/jedfordseculles/Projects/contexis/src/cli/commands/agent_generator.go:116\ngithub.com/contexis-cmp/contexis/src/cli/commands.GetAgentCommand.func1\n\t/Users/jedfordseculles/Projects/contexis/src/cli/commands/cli_commands.go:57\ngithub.com/spf13/cobra.(*Command).execute\n\t/Users/jedfordseculles/go/pkg/mod/github.com/spf13/cobra@v1.7.0/command.go:940\ngithub.com/spf13/cobra.(*Command).ExecuteC\n\t/Users/jedfordseculles/go/pkg/mod/github.com/spf13/cobra@v1.7.0/command.go:1068\ngithub.com/spf13/cobra.(*Command).Execute\n\t/Users/jedfordseculles/go/pkg/mod/github.com/spf13/cobra@v1.7.0/command.go:992\ngithub.com/contexis-cmp/contexis/tests/unit.(*CLICommandsTestSuite).TestAgentCommandFlagValidation.func1\n\t/Users/jedfordseculles/Projects/contexis/tests/unit/cli_commands_test.go:138\ntesting.tRunner\n\t/Users/jedfordseculles/.local/share/mise/installs/go/1.24.6/src/testing/testing.go:1792"}
Error: failed to generate agent context: failed to parse template: open templates/agent/support_bot.ctx: no such file or directory
Usage:
  agent [name] [flags]

Flags:
  -h, --help            help for agent
  -m, --memory string   Memory type (episodic,none) (default "episodic")
  -t, --tools string    Comma-separated list of tools (web_search,database,api,file_system,email)

    cli_commands_test.go:139: 
        	Error Trace:	/Users/jedfordseculles/Projects/contexis/tests/unit/cli_commands_test.go:139
        	Error:      	Received unexpected error:
        	            	failed to generate agent context: failed to parse template: open templates/agent/support_bot.ctx: no such file or directory
        	Test:       	TestCLICommandsTestSuite/TestAgentCommandFlagValidation/valid_tools_web_search
        	Messages:   	Agent command should accept valid tools: web_search
=== RUN   TestCLICommandsTestSuite/TestAgentCommandFlagValidation/valid_tools_database
{"level":"INFO","timestamp":"2025-08-11T17:28:51.496+0800","caller":"commands/agent_generator.go:91","msg":"generating agent","name":"TestAgent","tools":["database"],"memory":"episodic"}
{"level":"ERROR","timestamp":"2025-08-11T17:28:51.496+0800","caller":"commands/agent_generator.go:240","msg":"failed to parse agent context template","error":"open templates/agent/support_bot.ctx: no such file or directory","stacktrace":"github.com/contexis-cmp/contexis/src/cli/commands.generateAgentContext\n\t/Users/jedfordseculles/Projects/contexis/src/cli/commands/agent_generator.go:240\ngithub.com/contexis-cmp/contexis/src/cli/commands.GenerateAgent\n\t/Users/jedfordseculles/Projects/contexis/src/cli/commands/agent_generator.go:115\ngithub.com/contexis-cmp/contexis/src/cli/commands.GetAgentCommand.func1\n\t/Users/jedfordseculles/Projects/contexis/src/cli/commands/cli_commands.go:57\ngithub.com/spf13/cobra.(*Command).execute\n\t/Users/jedfordseculles/go/pkg/mod/github.com/spf13/cobra@v1.7.0/command.go:940\ngithub.com/spf13/cobra.(*Command).ExecuteC\n\t/Users/jedfordseculles/go/pkg/mod/github.com/spf13/cobra@v1.7.0/command.go:1068\ngithub.com/spf13/cobra.(*Command).Execute\n\t/Users/jedfordseculles/go/pkg/mod/github.com/spf13/cobra@v1.7.0/command.go:992\ngithub.com/contexis-cmp/contexis/tests/unit.(*CLICommandsTestSuite).TestAgentCommandFlagValidation.func1\n\t/Users/jedfordseculles/Projects/contexis/tests/unit/cli_commands_test.go:138\ntesting.tRunner\n\t/Users/jedfordseculles/.local/share/mise/installs/go/1.24.6/src/testing/testing.go:1792"}
{"level":"ERROR","timestamp":"2025-08-11T17:28:51.496+0800","caller":"commands/agent_generator.go:116","msg":"failed to generate agent context","error":"failed to parse template: open templates/agent/support_bot.ctx: no such file or directory","stacktrace":"github.com/contexis-cmp/contexis/src/cli/commands.GenerateAgent\n\t/Users/jedfordseculles/Projects/contexis/src/cli/commands/agent_generator.go:116\ngithub.com/contexis-cmp/contexis/src/cli/commands.GetAgentCommand.func1\n\t/Users/jedfordseculles/Projects/contexis/src/cli/commands/cli_commands.go:57\ngithub.com/spf13/cobra.(*Command).execute\n\t/Users/jedfordseculles/go/pkg/mod/github.com/spf13/cobra@v1.7.0/command.go:940\ngithub.com/spf13/cobra.(*Command).ExecuteC\n\t/Users/jedfordseculles/go/pkg/mod/github.com/spf13/cobra@v1.7.0/command.go:1068\ngithub.com/spf13/cobra.(*Command).Execute\n\t/Users/jedfordseculles/go/pkg/mod/github.com/spf13/cobra@v1.7.0/command.go:992\ngithub.com/contexis-cmp/contexis/tests/unit.(*CLICommandsTestSuite).TestAgentCommandFlagValidation.func1\n\t/Users/jedfordseculles/Projects/contexis/tests/unit/cli_commands_test.go:138\ntesting.tRunner\n\t/Users/jedfordseculles/.local/share/mise/installs/go/1.24.6/src/testing/testing.go:1792"}
Error: failed to generate agent context: failed to parse template: open templates/agent/support_bot.ctx: no such file or directory
Usage:
  agent [name] [flags]

Flags:
  -h, --help            help for agent
  -m, --memory string   Memory type (episodic,none) (default "episodic")
  -t, --tools string    Comma-separated list of tools (web_search,database,api,file_system,email)

    cli_commands_test.go:139: 
        	Error Trace:	/Users/jedfordseculles/Projects/contexis/tests/unit/cli_commands_test.go:139
        	Error:      	Received unexpected error:
        	            	failed to generate agent context: failed to parse template: open templates/agent/support_bot.ctx: no such file or directory
        	Test:       	TestCLICommandsTestSuite/TestAgentCommandFlagValidation/valid_tools_database
        	Messages:   	Agent command should accept valid tools: database
=== RUN   TestCLICommandsTestSuite/TestAgentCommandFlagValidation/valid_tools_api
{"level":"INFO","timestamp":"2025-08-11T17:28:51.496+0800","caller":"commands/agent_generator.go:91","msg":"generating agent","name":"TestAgent","tools":["api"],"memory":"episodic"}
{"level":"ERROR","timestamp":"2025-08-11T17:28:51.496+0800","caller":"commands/agent_generator.go:240","msg":"failed to parse agent context template","error":"open templates/agent/support_bot.ctx: no such file or directory","stacktrace":"github.com/contexis-cmp/contexis/src/cli/commands.generateAgentContext\n\t/Users/jedfordseculles/Projects/contexis/src/cli/commands/agent_generator.go:240\ngithub.com/contexis-cmp/contexis/src/cli/commands.GenerateAgent\n\t/Users/jedfordseculles/Projects/contexis/src/cli/commands/agent_generator.go:115\ngithub.com/contexis-cmp/contexis/src/cli/commands.GetAgentCommand.func1\n\t/Users/jedfordseculles/Projects/contexis/src/cli/commands/cli_commands.go:57\ngithub.com/spf13/cobra.(*Command).execute\n\t/Users/jedfordseculles/go/pkg/mod/github.com/spf13/cobra@v1.7.0/command.go:940\ngithub.com/spf13/cobra.(*Command).ExecuteC\n\t/Users/jedfordseculles/go/pkg/mod/github.com/spf13/cobra@v1.7.0/command.go:1068\ngithub.com/spf13/cobra.(*Command).Execute\n\t/Users/jedfordseculles/go/pkg/mod/github.com/spf13/cobra@v1.7.0/command.go:992\ngithub.com/contexis-cmp/contexis/tests/unit.(*CLICommandsTestSuite).TestAgentCommandFlagValidation.func1\n\t/Users/jedfordseculles/Projects/contexis/tests/unit/cli_commands_test.go:138\ntesting.tRunner\n\t/Users/jedfordseculles/.local/share/mise/installs/go/1.24.6/src/testing/testing.go:1792"}
{"level":"ERROR","timestamp":"2025-08-11T17:28:51.496+0800","caller":"commands/agent_generator.go:116","msg":"failed to generate agent context","error":"failed to parse template: open templates/agent/support_bot.ctx: no such file or directory","stacktrace":"github.com/contexis-cmp/contexis/src/cli/commands.GenerateAgent\n\t/Users/jedfordseculles/Projects/contexis/src/cli/commands/agent_generator.go:116\ngithub.com/contexis-cmp/contexis/src/cli/commands.GetAgentCommand.func1\n\t/Users/jedfordseculles/Projects/contexis/src/cli/commands/cli_commands.go:57\ngithub.com/spf13/cobra.(*Command).execute\n\t/Users/jedfordseculles/go/pkg/mod/github.com/spf13/cobra@v1.7.0/command.go:940\ngithub.com/spf13/cobra.(*Command).ExecuteC\n\t/Users/jedfordseculles/go/pkg/mod/github.com/spf13/cobra@v1.7.0/command.go:1068\ngithub.com/spf13/cobra.(*Command).Execute\n\t/Users/jedfordseculles/go/pkg/mod/github.com/spf13/cobra@v1.7.0/command.go:992\ngithub.com/contexis-cmp/contexis/tests/unit.(*CLICommandsTestSuite).TestAgentCommandFlagValidation.func1\n\t/Users/jedfordseculles/Projects/contexis/tests/unit/cli_commands_test.go:138\ntesting.tRunner\n\t/Users/jedfordseculles/.local/share/mise/installs/go/1.24.6/src/testing/testing.go:1792"}
Error: failed to generate agent context: failed to parse template: open templates/agent/support_bot.ctx: no such file or directory
Usage:
  agent [name] [flags]

Flags:
  -h, --help            help for agent
  -m, --memory string   Memory type (episodic,none) (default "episodic")
  -t, --tools string    Comma-separated list of tools (web_search,database,api,file_system,email)

    cli_commands_test.go:139: 
        	Error Trace:	/Users/jedfordseculles/Projects/contexis/tests/unit/cli_commands_test.go:139
        	Error:      	Received unexpected error:
        	            	failed to generate agent context: failed to parse template: open templates/agent/support_bot.ctx: no such file or directory
        	Test:       	TestCLICommandsTestSuite/TestAgentCommandFlagValidation/valid_tools_api
        	Messages:   	Agent command should accept valid tools: api
=== RUN   TestCLICommandsTestSuite/TestAgentCommandFlagValidation/valid_tools_file_system
{"level":"INFO","timestamp":"2025-08-11T17:28:51.496+0800","caller":"commands/agent_generator.go:91","msg":"generating agent","name":"TestAgent","tools":["file_system"],"memory":"episodic"}
{"level":"ERROR","timestamp":"2025-08-11T17:28:51.496+0800","caller":"commands/agent_generator.go:240","msg":"failed to parse agent context template","error":"open templates/agent/support_bot.ctx: no such file or directory","stacktrace":"github.com/contexis-cmp/contexis/src/cli/commands.generateAgentContext\n\t/Users/jedfordseculles/Projects/contexis/src/cli/commands/agent_generator.go:240\ngithub.com/contexis-cmp/contexis/src/cli/commands.GenerateAgent\n\t/Users/jedfordseculles/Projects/contexis/src/cli/commands/agent_generator.go:115\ngithub.com/contexis-cmp/contexis/src/cli/commands.GetAgentCommand.func1\n\t/Users/jedfordseculles/Projects/contexis/src/cli/commands/cli_commands.go:57\ngithub.com/spf13/cobra.(*Command).execute\n\t/Users/jedfordseculles/go/pkg/mod/github.com/spf13/cobra@v1.7.0/command.go:940\ngithub.com/spf13/cobra.(*Command).ExecuteC\n\t/Users/jedfordseculles/go/pkg/mod/github.com/spf13/cobra@v1.7.0/command.go:1068\ngithub.com/spf13/cobra.(*Command).Execute\n\t/Users/jedfordseculles/go/pkg/mod/github.com/spf13/cobra@v1.7.0/command.go:992\ngithub.com/contexis-cmp/contexis/tests/unit.(*CLICommandsTestSuite).TestAgentCommandFlagValidation.func1\n\t/Users/jedfordseculles/Projects/contexis/tests/unit/cli_commands_test.go:138\ntesting.tRunner\n\t/Users/jedfordseculles/.local/share/mise/installs/go/1.24.6/src/testing/testing.go:1792"}
{"level":"ERROR","timestamp":"2025-08-11T17:28:51.496+0800","caller":"commands/agent_generator.go:116","msg":"failed to generate agent context","error":"failed to parse template: open templates/agent/support_bot.ctx: no such file or directory","stacktrace":"github.com/contexis-cmp/contexis/src/cli/commands.GenerateAgent\n\t/Users/jedfordseculles/Projects/contexis/src/cli/commands/agent_generator.go:116\ngithub.com/contexis-cmp/contexis/src/cli/commands.GetAgentCommand.func1\n\t/Users/jedfordseculles/Projects/contexis/src/cli/commands/cli_commands.go:57\ngithub.com/spf13/cobra.(*Command).execute\n\t/Users/jedfordseculles/go/pkg/mod/github.com/spf13/cobra@v1.7.0/command.go:940\ngithub.com/spf13/cobra.(*Command).ExecuteC\n\t/Users/jedfordseculles/go/pkg/mod/github.com/spf13/cobra@v1.7.0/command.go:1068\ngithub.com/spf13/cobra.(*Command).Execute\n\t/Users/jedfordseculles/go/pkg/mod/github.com/spf13/cobra@v1.7.0/command.go:992\ngithub.com/contexis-cmp/contexis/tests/unit.(*CLICommandsTestSuite).TestAgentCommandFlagValidation.func1\n\t/Users/jedfordseculles/Projects/contexis/tests/unit/cli_commands_test.go:138\ntesting.tRunner\n\t/Users/jedfordseculles/.local/share/mise/installs/go/1.24.6/src/testing/testing.go:1792"}
Error: failed to generate agent context: failed to parse template: open templates/agent/support_bot.ctx: no such file or directory
Usage:
  agent [name] [flags]

Flags:
  -h, --help            help for agent
  -m, --memory string   Memory type (episodic,none) (default "episodic")
  -t, --tools string    Comma-separated list of tools (web_search,database,api,file_system,email)

    cli_commands_test.go:139: 
        	Error Trace:	/Users/jedfordseculles/Projects/contexis/tests/unit/cli_commands_test.go:139
        	Error:      	Received unexpected error:
        	            	failed to generate agent context: failed to parse template: open templates/agent/support_bot.ctx: no such file or directory
        	Test:       	TestCLICommandsTestSuite/TestAgentCommandFlagValidation/valid_tools_file_system
        	Messages:   	Agent command should accept valid tools: file_system
=== RUN   TestCLICommandsTestSuite/TestAgentCommandFlagValidation/valid_tools_email
{"level":"INFO","timestamp":"2025-08-11T17:28:51.496+0800","caller":"commands/agent_generator.go:91","msg":"generating agent","name":"TestAgent","tools":["email"],"memory":"episodic"}
{"level":"ERROR","timestamp":"2025-08-11T17:28:51.496+0800","caller":"commands/agent_generator.go:240","msg":"failed to parse agent context template","error":"open templates/agent/support_bot.ctx: no such file or directory","stacktrace":"github.com/contexis-cmp/contexis/src/cli/commands.generateAgentContext\n\t/Users/jedfordseculles/Projects/contexis/src/cli/commands/agent_generator.go:240\ngithub.com/contexis-cmp/contexis/src/cli/commands.GenerateAgent\n\t/Users/jedfordseculles/Projects/contexis/src/cli/commands/agent_generator.go:115\ngithub.com/contexis-cmp/contexis/src/cli/commands.GetAgentCommand.func1\n\t/Users/jedfordseculles/Projects/contexis/src/cli/commands/cli_commands.go:57\ngithub.com/spf13/cobra.(*Command).execute\n\t/Users/jedfordseculles/go/pkg/mod/github.com/spf13/cobra@v1.7.0/command.go:940\ngithub.com/spf13/cobra.(*Command).ExecuteC\n\t/Users/jedfordseculles/go/pkg/mod/github.com/spf13/cobra@v1.7.0/command.go:1068\ngithub.com/spf13/cobra.(*Command).Execute\n\t/Users/jedfordseculles/go/pkg/mod/github.com/spf13/cobra@v1.7.0/command.go:992\ngithub.com/contexis-cmp/contexis/tests/unit.(*CLICommandsTestSuite).TestAgentCommandFlagValidation.func1\n\t/Users/jedfordseculles/Projects/contexis/tests/unit/cli_commands_test.go:138\ntesting.tRunner\n\t/Users/jedfordseculles/.local/share/mise/installs/go/1.24.6/src/testing/testing.go:1792"}
{"level":"ERROR","timestamp":"2025-08-11T17:28:51.496+0800","caller":"commands/agent_generator.go:116","msg":"failed to generate agent context","error":"failed to parse template: open templates/agent/support_bot.ctx: no such file or directory","stacktrace":"github.com/contexis-cmp/contexis/src/cli/commands.GenerateAgent\n\t/Users/jedfordseculles/Projects/contexis/src/cli/commands/agent_generator.go:116\ngithub.com/contexis-cmp/contexis/src/cli/commands.GetAgentCommand.func1\n\t/Users/jedfordseculles/Projects/contexis/src/cli/commands/cli_commands.go:57\ngithub.com/spf13/cobra.(*Command).execute\n\t/Users/jedfordseculles/go/pkg/mod/github.com/spf13/cobra@v1.7.0/command.go:940\ngithub.com/spf13/cobra.(*Command).ExecuteC\n\t/Users/jedfordseculles/go/pkg/mod/github.com/spf13/cobra@v1.7.0/command.go:1068\ngithub.com/spf13/cobra.(*Command).Execute\n\t/Users/jedfordseculles/go/pkg/mod/github.com/spf13/cobra@v1.7.0/command.go:992\ngithub.com/contexis-cmp/contexis/tests/unit.(*CLICommandsTestSuite).TestAgentCommandFlagValidation.func1\n\t/Users/jedfordseculles/Projects/contexis/tests/unit/cli_commands_test.go:138\ntesting.tRunner\n\t/Users/jedfordseculles/.local/share/mise/installs/go/1.24.6/src/testing/testing.go:1792"}
Error: failed to generate agent context: failed to parse template: open templates/agent/support_bot.ctx: no such file or directory
Usage:
  agent [name] [flags]

Flags:
  -h, --help            help for agent
  -m, --memory string   Memory type (episodic,none) (default "episodic")
  -t, --tools string    Comma-separated list of tools (web_search,database,api,file_system,email)

    cli_commands_test.go:139: 
        	Error Trace:	/Users/jedfordseculles/Projects/contexis/tests/unit/cli_commands_test.go:139
        	Error:      	Received unexpected error:
        	            	failed to generate agent context: failed to parse template: open templates/agent/support_bot.ctx: no such file or directory
        	Test:       	TestCLICommandsTestSuite/TestAgentCommandFlagValidation/valid_tools_email
        	Messages:   	Agent command should accept valid tools: email
=== RUN   TestCLICommandsTestSuite/TestAgentCommandFlagValidation/valid_tools_web_search,database
{"level":"INFO","timestamp":"2025-08-11T17:28:51.497+0800","caller":"commands/agent_generator.go:91","msg":"generating agent","name":"TestAgent","tools":["web_search","database"],"memory":"episodic"}
{"level":"ERROR","timestamp":"2025-08-11T17:28:51.497+0800","caller":"commands/agent_generator.go:240","msg":"failed to parse agent context template","error":"open templates/agent/support_bot.ctx: no such file or directory","stacktrace":"github.com/contexis-cmp/contexis/src/cli/commands.generateAgentContext\n\t/Users/jedfordseculles/Projects/contexis/src/cli/commands/agent_generator.go:240\ngithub.com/contexis-cmp/contexis/src/cli/commands.GenerateAgent\n\t/Users/jedfordseculles/Projects/contexis/src/cli/commands/agent_generator.go:115\ngithub.com/contexis-cmp/contexis/src/cli/commands.GetAgentCommand.func1\n\t/Users/jedfordseculles/Projects/contexis/src/cli/commands/cli_commands.go:57\ngithub.com/spf13/cobra.(*Command).execute\n\t/Users/jedfordseculles/go/pkg/mod/github.com/spf13/cobra@v1.7.0/command.go:940\ngithub.com/spf13/cobra.(*Command).ExecuteC\n\t/Users/jedfordseculles/go/pkg/mod/github.com/spf13/cobra@v1.7.0/command.go:1068\ngithub.com/spf13/cobra.(*Command).Execute\n\t/Users/jedfordseculles/go/pkg/mod/github.com/spf13/cobra@v1.7.0/command.go:992\ngithub.com/contexis-cmp/contexis/tests/unit.(*CLICommandsTestSuite).TestAgentCommandFlagValidation.func1\n\t/Users/jedfordseculles/Projects/contexis/tests/unit/cli_commands_test.go:138\ntesting.tRunner\n\t/Users/jedfordseculles/.local/share/mise/installs/go/1.24.6/src/testing/testing.go:1792"}
{"level":"ERROR","timestamp":"2025-08-11T17:28:51.497+0800","caller":"commands/agent_generator.go:116","msg":"failed to generate agent context","error":"failed to parse template: open templates/agent/support_bot.ctx: no such file or directory","stacktrace":"github.com/contexis-cmp/contexis/src/cli/commands.GenerateAgent\n\t/Users/jedfordseculles/Projects/contexis/src/cli/commands/agent_generator.go:116\ngithub.com/contexis-cmp/contexis/src/cli/commands.GetAgentCommand.func1\n\t/Users/jedfordseculles/Projects/contexis/src/cli/commands/cli_commands.go:57\ngithub.com/spf13/cobra.(*Command).execute\n\t/Users/jedfordseculles/go/pkg/mod/github.com/spf13/cobra@v1.7.0/command.go:940\ngithub.com/spf13/cobra.(*Command).ExecuteC\n\t/Users/jedfordseculles/go/pkg/mod/github.com/spf13/cobra@v1.7.0/command.go:1068\ngithub.com/spf13/cobra.(*Command).Execute\n\t/Users/jedfordseculles/go/pkg/mod/github.com/spf13/cobra@v1.7.0/command.go:992\ngithub.com/contexis-cmp/contexis/tests/unit.(*CLICommandsTestSuite).TestAgentCommandFlagValidation.func1\n\t/Users/jedfordseculles/Projects/contexis/tests/unit/cli_commands_test.go:138\ntesting.tRunner\n\t/Users/jedfordseculles/.local/share/mise/installs/go/1.24.6/src/testing/testing.go:1792"}
Error: failed to generate agent context: failed to parse template: open templates/agent/support_bot.ctx: no such file or directory
Usage:
  agent [name] [flags]

Flags:
  -h, --help            help for agent
  -m, --memory string   Memory type (episodic,none) (default "episodic")
  -t, --tools string    Comma-separated list of tools (web_search,database,api,file_system,email)

    cli_commands_test.go:139: 
        	Error Trace:	/Users/jedfordseculles/Projects/contexis/tests/unit/cli_commands_test.go:139
        	Error:      	Received unexpected error:
        	            	failed to generate agent context: failed to parse template: open templates/agent/support_bot.ctx: no such file or directory
        	Test:       	TestCLICommandsTestSuite/TestAgentCommandFlagValidation/valid_tools_web_search,database
        	Messages:   	Agent command should accept valid tools: web_search,database
=== RUN   TestCLICommandsTestSuite/TestAgentCommandFlagValidation/valid_tools_api,email
{"level":"INFO","timestamp":"2025-08-11T17:28:51.497+0800","caller":"commands/agent_generator.go:91","msg":"generating agent","name":"TestAgent","tools":["api","email"],"memory":"episodic"}
{"level":"ERROR","timestamp":"2025-08-11T17:28:51.497+0800","caller":"commands/agent_generator.go:240","msg":"failed to parse agent context template","error":"open templates/agent/support_bot.ctx: no such file or directory","stacktrace":"github.com/contexis-cmp/contexis/src/cli/commands.generateAgentContext\n\t/Users/jedfordseculles/Projects/contexis/src/cli/commands/agent_generator.go:240\ngithub.com/contexis-cmp/contexis/src/cli/commands.GenerateAgent\n\t/Users/jedfordseculles/Projects/contexis/src/cli/commands/agent_generator.go:115\ngithub.com/contexis-cmp/contexis/src/cli/commands.GetAgentCommand.func1\n\t/Users/jedfordseculles/Projects/contexis/src/cli/commands/cli_commands.go:57\ngithub.com/spf13/cobra.(*Command).execute\n\t/Users/jedfordseculles/go/pkg/mod/github.com/spf13/cobra@v1.7.0/command.go:940\ngithub.com/spf13/cobra.(*Command).ExecuteC\n\t/Users/jedfordseculles/go/pkg/mod/github.com/spf13/cobra@v1.7.0/command.go:1068\ngithub.com/spf13/cobra.(*Command).Execute\n\t/Users/jedfordseculles/go/pkg/mod/github.com/spf13/cobra@v1.7.0/command.go:992\ngithub.com/contexis-cmp/contexis/tests/unit.(*CLICommandsTestSuite).TestAgentCommandFlagValidation.func1\n\t/Users/jedfordseculles/Projects/contexis/tests/unit/cli_commands_test.go:138\ntesting.tRunner\n\t/Users/jedfordseculles/.local/share/mise/installs/go/1.24.6/src/testing/testing.go:1792"}
{"level":"ERROR","timestamp":"2025-08-11T17:28:51.497+0800","caller":"commands/agent_generator.go:116","msg":"failed to generate agent context","error":"failed to parse template: open templates/agent/support_bot.ctx: no such file or directory","stacktrace":"github.com/contexis-cmp/contexis/src/cli/commands.GenerateAgent\n\t/Users/jedfordseculles/Projects/contexis/src/cli/commands/agent_generator.go:116\ngithub.com/contexis-cmp/contexis/src/cli/commands.GetAgentCommand.func1\n\t/Users/jedfordseculles/Projects/contexis/src/cli/commands/cli_commands.go:57\ngithub.com/spf13/cobra.(*Command).execute\n\t/Users/jedfordseculles/go/pkg/mod/github.com/spf13/cobra@v1.7.0/command.go:940\ngithub.com/spf13/cobra.(*Command).ExecuteC\n\t/Users/jedfordseculles/go/pkg/mod/github.com/spf13/cobra@v1.7.0/command.go:1068\ngithub.com/spf13/cobra.(*Command).Execute\n\t/Users/jedfordseculles/go/pkg/mod/github.com/spf13/cobra@v1.7.0/command.go:992\ngithub.com/contexis-cmp/contexis/tests/unit.(*CLICommandsTestSuite).TestAgentCommandFlagValidation.func1\n\t/Users/jedfordseculles/Projects/contexis/tests/unit/cli_commands_test.go:138\ntesting.tRunner\n\t/Users/jedfordseculles/.local/share/mise/installs/go/1.24.6/src/testing/testing.go:1792"}
Error: failed to generate agent context: failed to parse template: open templates/agent/support_bot.ctx: no such file or directory
Usage:
  agent [name] [flags]

Flags:
  -h, --help            help for agent
  -m, --memory string   Memory type (episodic,none) (default "episodic")
  -t, --tools string    Comma-separated list of tools (web_search,database,api,file_system,email)

    cli_commands_test.go:139: 
        	Error Trace:	/Users/jedfordseculles/Projects/contexis/tests/unit/cli_commands_test.go:139
        	Error:      	Received unexpected error:
        	            	failed to generate agent context: failed to parse template: open templates/agent/support_bot.ctx: no such file or directory
        	Test:       	TestCLICommandsTestSuite/TestAgentCommandFlagValidation/valid_tools_api,email
        	Messages:   	Agent command should accept valid tools: api,email
=== RUN   TestCLICommandsTestSuite/TestAgentCommandFlagValidation/valid_tools_file_system,api,database
{"level":"INFO","timestamp":"2025-08-11T17:28:51.497+0800","caller":"commands/agent_generator.go:91","msg":"generating agent","name":"TestAgent","tools":["file_system","api","database"],"memory":"episodic"}
{"level":"ERROR","timestamp":"2025-08-11T17:28:51.497+0800","caller":"commands/agent_generator.go:240","msg":"failed to parse agent context template","error":"open templates/agent/support_bot.ctx: no such file or directory","stacktrace":"github.com/contexis-cmp/contexis/src/cli/commands.generateAgentContext\n\t/Users/jedfordseculles/Projects/contexis/src/cli/commands/agent_generator.go:240\ngithub.com/contexis-cmp/contexis/src/cli/commands.GenerateAgent\n\t/Users/jedfordseculles/Projects/contexis/src/cli/commands/agent_generator.go:115\ngithub.com/contexis-cmp/contexis/src/cli/commands.GetAgentCommand.func1\n\t/Users/jedfordseculles/Projects/contexis/src/cli/commands/cli_commands.go:57\ngithub.com/spf13/cobra.(*Command).execute\n\t/Users/jedfordseculles/go/pkg/mod/github.com/spf13/cobra@v1.7.0/command.go:940\ngithub.com/spf13/cobra.(*Command).ExecuteC\n\t/Users/jedfordseculles/go/pkg/mod/github.com/spf13/cobra@v1.7.0/command.go:1068\ngithub.com/spf13/cobra.(*Command).Execute\n\t/Users/jedfordseculles/go/pkg/mod/github.com/spf13/cobra@v1.7.0/command.go:992\ngithub.com/contexis-cmp/contexis/tests/unit.(*CLICommandsTestSuite).TestAgentCommandFlagValidation.func1\n\t/Users/jedfordseculles/Projects/contexis/tests/unit/cli_commands_test.go:138\ntesting.tRunner\n\t/Users/jedfordseculles/.local/share/mise/installs/go/1.24.6/src/testing/testing.go:1792"}
{"level":"ERROR","timestamp":"2025-08-11T17:28:51.497+0800","caller":"commands/agent_generator.go:116","msg":"failed to generate agent context","error":"failed to parse template: open templates/agent/support_bot.ctx: no such file or directory","stacktrace":"github.com/contexis-cmp/contexis/src/cli/commands.GenerateAgent\n\t/Users/jedfordseculles/Projects/contexis/src/cli/commands/agent_generator.go:116\ngithub.com/contexis-cmp/contexis/src/cli/commands.GetAgentCommand.func1\n\t/Users/jedfordseculles/Projects/contexis/src/cli/commands/cli_commands.go:57\ngithub.com/spf13/cobra.(*Command).execute\n\t/Users/jedfordseculles/go/pkg/mod/github.com/spf13/cobra@v1.7.0/command.go:940\ngithub.com/spf13/cobra.(*Command).ExecuteC\n\t/Users/jedfordseculles/go/pkg/mod/github.com/spf13/cobra@v1.7.0/command.go:1068\ngithub.com/spf13/cobra.(*Command).Execute\n\t/Users/jedfordseculles/go/pkg/mod/github.com/spf13/cobra@v1.7.0/command.go:992\ngithub.com/contexis-cmp/contexis/tests/unit.(*CLICommandsTestSuite).TestAgentCommandFlagValidation.func1\n\t/Users/jedfordseculles/Projects/contexis/tests/unit/cli_commands_test.go:138\ntesting.tRunner\n\t/Users/jedfordseculles/.local/share/mise/installs/go/1.24.6/src/testing/testing.go:1792"}
Error: failed to generate agent context: failed to parse template: open templates/agent/support_bot.ctx: no such file or directory
Usage:
  agent [name] [flags]

Flags:
  -h, --help            help for agent
  -m, --memory string   Memory type (episodic,none) (default "episodic")
  -t, --tools string    Comma-separated list of tools (web_search,database,api,file_system,email)

    cli_commands_test.go:139: 
        	Error Trace:	/Users/jedfordseculles/Projects/contexis/tests/unit/cli_commands_test.go:139
        	Error:      	Received unexpected error:
        	            	failed to generate agent context: failed to parse template: open templates/agent/support_bot.ctx: no such file or directory
        	Test:       	TestCLICommandsTestSuite/TestAgentCommandFlagValidation/valid_tools_file_system,api,database
        	Messages:   	Agent command should accept valid tools: file_system,api,database
=== RUN   TestCLICommandsTestSuite/TestAgentCommandFlagValidation/valid_tools_
{"level":"INFO","timestamp":"2025-08-11T17:28:51.497+0800","caller":"commands/agent_generator.go:91","msg":"generating agent","name":"TestAgent","tools":[],"memory":"episodic"}
{"level":"ERROR","timestamp":"2025-08-11T17:28:51.497+0800","caller":"commands/agent_generator.go:240","msg":"failed to parse agent context template","error":"open templates/agent/support_bot.ctx: no such file or directory","stacktrace":"github.com/contexis-cmp/contexis/src/cli/commands.generateAgentContext\n\t/Users/jedfordseculles/Projects/contexis/src/cli/commands/agent_generator.go:240\ngithub.com/contexis-cmp/contexis/src/cli/commands.GenerateAgent\n\t/Users/jedfordseculles/Projects/contexis/src/cli/commands/agent_generator.go:115\ngithub.com/contexis-cmp/contexis/src/cli/commands.GetAgentCommand.func1\n\t/Users/jedfordseculles/Projects/contexis/src/cli/commands/cli_commands.go:57\ngithub.com/spf13/cobra.(*Command).execute\n\t/Users/jedfordseculles/go/pkg/mod/github.com/spf13/cobra@v1.7.0/command.go:940\ngithub.com/spf13/cobra.(*Command).ExecuteC\n\t/Users/jedfordseculles/go/pkg/mod/github.com/spf13/cobra@v1.7.0/command.go:1068\ngithub.com/spf13/cobra.(*Command).Execute\n\t/Users/jedfordseculles/go/pkg/mod/github.com/spf13/cobra@v1.7.0/command.go:992\ngithub.com/contexis-cmp/contexis/tests/unit.(*CLICommandsTestSuite).TestAgentCommandFlagValidation.func1\n\t/Users/jedfordseculles/Projects/contexis/tests/unit/cli_commands_test.go:138\ntesting.tRunner\n\t/Users/jedfordseculles/.local/share/mise/installs/go/1.24.6/src/testing/testing.go:1792"}
{"level":"ERROR","timestamp":"2025-08-11T17:28:51.497+0800","caller":"commands/agent_generator.go:116","msg":"failed to generate agent context","error":"failed to parse template: open templates/agent/support_bot.ctx: no such file or directory","stacktrace":"github.com/contexis-cmp/contexis/src/cli/commands.GenerateAgent\n\t/Users/jedfordseculles/Projects/contexis/src/cli/commands/agent_generator.go:116\ngithub.com/contexis-cmp/contexis/src/cli/commands.GetAgentCommand.func1\n\t/Users/jedfordseculles/Projects/contexis/src/cli/commands/cli_commands.go:57\ngithub.com/spf13/cobra.(*Command).execute\n\t/Users/jedfordseculles/go/pkg/mod/github.com/spf13/cobra@v1.7.0/command.go:940\ngithub.com/spf13/cobra.(*Command).ExecuteC\n\t/Users/jedfordseculles/go/pkg/mod/github.com/spf13/cobra@v1.7.0/command.go:1068\ngithub.com/spf13/cobra.(*Command).Execute\n\t/Users/jedfordseculles/go/pkg/mod/github.com/spf13/cobra@v1.7.0/command.go:992\ngithub.com/contexis-cmp/contexis/tests/unit.(*CLICommandsTestSuite).TestAgentCommandFlagValidation.func1\n\t/Users/jedfordseculles/Projects/contexis/tests/unit/cli_commands_test.go:138\ntesting.tRunner\n\t/Users/jedfordseculles/.local/share/mise/installs/go/1.24.6/src/testing/testing.go:1792"}
Error: failed to generate agent context: failed to parse template: open templates/agent/support_bot.ctx: no such file or directory
Usage:
  agent [name] [flags]

Flags:
  -h, --help            help for agent
  -m, --memory string   Memory type (episodic,none) (default "episodic")
  -t, --tools string    Comma-separated list of tools (web_search,database,api,file_system,email)

    cli_commands_test.go:139: 
        	Error Trace:	/Users/jedfordseculles/Projects/contexis/tests/unit/cli_commands_test.go:139
        	Error:      	Received unexpected error:
        	            	failed to generate agent context: failed to parse template: open templates/agent/support_bot.ctx: no such file or directory
        	Test:       	TestCLICommandsTestSuite/TestAgentCommandFlagValidation/valid_tools_
        	Messages:   	Agent command should accept valid tools: 
=== RUN   TestCLICommandsTestSuite/TestAgentCommandFlagValidation/invalid_tools_invalid_tool
{"level":"ERROR","timestamp":"2025-08-11T17:28:51.498+0800","caller":"commands/agent_generator.go:65","msg":"agent configuration validation failed","error":"invalid tool 'invalid_tool'. Valid tools: web_search, database, api, file_system, email","stacktrace":"github.com/contexis-cmp/contexis/src/cli/commands.GenerateAgent\n\t/Users/jedfordseculles/Projects/contexis/src/cli/commands/agent_generator.go:65\ngithub.com/contexis-cmp/contexis/src/cli/commands.GetAgentCommand.func1\n\t/Users/jedfordseculles/Projects/contexis/src/cli/commands/cli_commands.go:57\ngithub.com/spf13/cobra.(*Command).execute\n\t/Users/jedfordseculles/go/pkg/mod/github.com/spf13/cobra@v1.7.0/command.go:940\ngithub.com/spf13/cobra.(*Command).ExecuteC\n\t/Users/jedfordseculles/go/pkg/mod/github.com/spf13/cobra@v1.7.0/command.go:1068\ngithub.com/spf13/cobra.(*Command).Execute\n\t/Users/jedfordseculles/go/pkg/mod/github.com/spf13/cobra@v1.7.0/command.go:992\ngithub.com/contexis-cmp/contexis/tests/unit.(*CLICommandsTestSuite).TestAgentCommandFlagValidation.func2\n\t/Users/jedfordseculles/Projects/contexis/tests/unit/cli_commands_test.go:149\ntesting.tRunner\n\t/Users/jedfordseculles/.local/share/mise/installs/go/1.24.6/src/testing/testing.go:1792"}
Error: invalid agent configuration: invalid tool 'invalid_tool'. Valid tools: web_search, database, api, file_system, email
Usage:
  agent [name] [flags]

Flags:
  -h, --help            help for agent
  -m, --memory string   Memory type (episodic,none) (default "episodic")
  -t, --tools string    Comma-separated list of tools (web_search,database,api,file_system,email)

=== RUN   TestCLICommandsTestSuite/TestAgentCommandFlagValidation/invalid_tools_web_search,invalid_tool
{"level":"ERROR","timestamp":"2025-08-11T17:28:51.498+0800","caller":"commands/agent_generator.go:65","msg":"agent configuration validation failed","error":"invalid tool 'invalid_tool'. Valid tools: web_search, database, api, file_system, email","stacktrace":"github.com/contexis-cmp/contexis/src/cli/commands.GenerateAgent\n\t/Users/jedfordseculles/Projects/contexis/src/cli/commands/agent_generator.go:65\ngithub.com/contexis-cmp/contexis/src/cli/commands.GetAgentCommand.func1\n\t/Users/jedfordseculles/Projects/contexis/src/cli/commands/cli_commands.go:57\ngithub.com/spf13/cobra.(*Command).execute\n\t/Users/jedfordseculles/go/pkg/mod/github.com/spf13/cobra@v1.7.0/command.go:940\ngithub.com/spf13/cobra.(*Command).ExecuteC\n\t/Users/jedfordseculles/go/pkg/mod/github.com/spf13/cobra@v1.7.0/command.go:1068\ngithub.com/spf13/cobra.(*Command).Execute\n\t/Users/jedfordseculles/go/pkg/mod/github.com/spf13/cobra@v1.7.0/command.go:992\ngithub.com/contexis-cmp/contexis/tests/unit.(*CLICommandsTestSuite).TestAgentCommandFlagValidation.func2\n\t/Users/jedfordseculles/Projects/contexis/tests/unit/cli_commands_test.go:149\ntesting.tRunner\n\t/Users/jedfordseculles/.local/share/mise/installs/go/1.24.6/src/testing/testing.go:1792"}
Error: invalid agent configuration: invalid tool 'invalid_tool'. Valid tools: web_search, database, api, file_system, email
Usage:
  agent [name] [flags]

Flags:
  -h, --help            help for agent
  -m, --memory string   Memory type (episodic,none) (default "episodic")
  -t, --tools string    Comma-separated list of tools (web_search,database,api,file_system,email)

=== RUN   TestCLICommandsTestSuite/TestAgentCommandFlagValidation/invalid_tools_database,invalid_tool,api
{"level":"ERROR","timestamp":"2025-08-11T17:28:51.498+0800","caller":"commands/agent_generator.go:65","msg":"agent configuration validation failed","error":"invalid tool 'invalid_tool'. Valid tools: web_search, database, api, file_system, email","stacktrace":"github.com/contexis-cmp/contexis/src/cli/commands.GenerateAgent\n\t/Users/jedfordseculles/Projects/contexis/src/cli/commands/agent_generator.go:65\ngithub.com/contexis-cmp/contexis/src/cli/commands.GetAgentCommand.func1\n\t/Users/jedfordseculles/Projects/contexis/src/cli/commands/cli_commands.go:57\ngithub.com/spf13/cobra.(*Command).execute\n\t/Users/jedfordseculles/go/pkg/mod/github.com/spf13/cobra@v1.7.0/command.go:940\ngithub.com/spf13/cobra.(*Command).ExecuteC\n\t/Users/jedfordseculles/go/pkg/mod/github.com/spf13/cobra@v1.7.0/command.go:1068\ngithub.com/spf13/cobra.(*Command).Execute\n\t/Users/jedfordseculles/go/pkg/mod/github.com/spf13/cobra@v1.7.0/command.go:992\ngithub.com/contexis-cmp/contexis/tests/unit.(*CLICommandsTestSuite).TestAgentCommandFlagValidation.func2\n\t/Users/jedfordseculles/Projects/contexis/tests/unit/cli_commands_test.go:149\ntesting.tRunner\n\t/Users/jedfordseculles/.local/share/mise/installs/go/1.24.6/src/testing/testing.go:1792"}
Error: invalid agent configuration: invalid tool 'invalid_tool'. Valid tools: web_search, database, api, file_system, email
Usage:
  agent [name] [flags]

Flags:
  -h, --help            help for agent
  -m, --memory string   Memory type (episodic,none) (default "episodic")
  -t, --tools string    Comma-separated list of tools (web_search,database,api,file_system,email)

=== RUN   TestCLICommandsTestSuite/TestAgentCommandFlagValidation/valid_memory_episodic
{"level":"INFO","timestamp":"2025-08-11T17:28:51.498+0800","caller":"commands/agent_generator.go:91","msg":"generating agent","name":"TestAgent","tools":["web_search"],"memory":"episodic"}
{"level":"ERROR","timestamp":"2025-08-11T17:28:51.498+0800","caller":"commands/agent_generator.go:240","msg":"failed to parse agent context template","error":"open templates/agent/support_bot.ctx: no such file or directory","stacktrace":"github.com/contexis-cmp/contexis/src/cli/commands.generateAgentContext\n\t/Users/jedfordseculles/Projects/contexis/src/cli/commands/agent_generator.go:240\ngithub.com/contexis-cmp/contexis/src/cli/commands.GenerateAgent\n\t/Users/jedfordseculles/Projects/contexis/src/cli/commands/agent_generator.go:115\ngithub.com/contexis-cmp/contexis/src/cli/commands.GetAgentCommand.func1\n\t/Users/jedfordseculles/Projects/contexis/src/cli/commands/cli_commands.go:57\ngithub.com/spf13/cobra.(*Command).execute\n\t/Users/jedfordseculles/go/pkg/mod/github.com/spf13/cobra@v1.7.0/command.go:940\ngithub.com/spf13/cobra.(*Command).ExecuteC\n\t/Users/jedfordseculles/go/pkg/mod/github.com/spf13/cobra@v1.7.0/command.go:1068\ngithub.com/spf13/cobra.(*Command).Execute\n\t/Users/jedfordseculles/go/pkg/mod/github.com/spf13/cobra@v1.7.0/command.go:992\ngithub.com/contexis-cmp/contexis/tests/unit.(*CLICommandsTestSuite).TestAgentCommandFlagValidation.func3\n\t/Users/jedfordseculles/Projects/contexis/tests/unit/cli_commands_test.go:159\ntesting.tRunner\n\t/Users/jedfordseculles/.local/share/mise/installs/go/1.24.6/src/testing/testing.go:1792"}
{"level":"ERROR","timestamp":"2025-08-11T17:28:51.498+0800","caller":"commands/agent_generator.go:116","msg":"failed to generate agent context","error":"failed to parse template: open templates/agent/support_bot.ctx: no such file or directory","stacktrace":"github.com/contexis-cmp/contexis/src/cli/commands.GenerateAgent\n\t/Users/jedfordseculles/Projects/contexis/src/cli/commands/agent_generator.go:116\ngithub.com/contexis-cmp/contexis/src/cli/commands.GetAgentCommand.func1\n\t/Users/jedfordseculles/Projects/contexis/src/cli/commands/cli_commands.go:57\ngithub.com/spf13/cobra.(*Command).execute\n\t/Users/jedfordseculles/go/pkg/mod/github.com/spf13/cobra@v1.7.0/command.go:940\ngithub.com/spf13/cobra.(*Command).ExecuteC\n\t/Users/jedfordseculles/go/pkg/mod/github.com/spf13/cobra@v1.7.0/command.go:1068\ngithub.com/spf13/cobra.(*Command).Execute\n\t/Users/jedfordseculles/go/pkg/mod/github.com/spf13/cobra@v1.7.0/command.go:992\ngithub.com/contexis-cmp/contexis/tests/unit.(*CLICommandsTestSuite).TestAgentCommandFlagValidation.func3\n\t/Users/jedfordseculles/Projects/contexis/tests/unit/cli_commands_test.go:159\ntesting.tRunner\n\t/Users/jedfordseculles/.local/share/mise/installs/go/1.24.6/src/testing/testing.go:1792"}
Error: failed to generate agent context: failed to parse template: open templates/agent/support_bot.ctx: no such file or directory
Usage:
  agent [name] [flags]

Flags:
  -h, --help            help for agent
  -m, --memory string   Memory type (episodic,none) (default "episodic")
  -t, --tools string    Comma-separated list of tools (web_search,database,api,file_system,email)

    cli_commands_test.go:160: 
        	Error Trace:	/Users/jedfordseculles/Projects/contexis/tests/unit/cli_commands_test.go:160
        	Error:      	Received unexpected error:
        	            	failed to generate agent context: failed to parse template: open templates/agent/support_bot.ctx: no such file or directory
        	Test:       	TestCLICommandsTestSuite/TestAgentCommandFlagValidation/valid_memory_episodic
        	Messages:   	Agent command should accept valid memory type: episodic
=== RUN   TestCLICommandsTestSuite/TestAgentCommandFlagValidation/valid_memory_none
{"level":"INFO","timestamp":"2025-08-11T17:28:51.498+0800","caller":"commands/agent_generator.go:91","msg":"generating agent","name":"TestAgent","tools":["web_search"],"memory":"none"}
{"level":"ERROR","timestamp":"2025-08-11T17:28:51.498+0800","caller":"commands/agent_generator.go:240","msg":"failed to parse agent context template","error":"open templates/agent/support_bot.ctx: no such file or directory","stacktrace":"github.com/contexis-cmp/contexis/src/cli/commands.generateAgentContext\n\t/Users/jedfordseculles/Projects/contexis/src/cli/commands/agent_generator.go:240\ngithub.com/contexis-cmp/contexis/src/cli/commands.GenerateAgent\n\t/Users/jedfordseculles/Projects/contexis/src/cli/commands/agent_generator.go:115\ngithub.com/contexis-cmp/contexis/src/cli/commands.GetAgentCommand.func1\n\t/Users/jedfordseculles/Projects/contexis/src/cli/commands/cli_commands.go:57\ngithub.com/spf13/cobra.(*Command).execute\n\t/Users/jedfordseculles/go/pkg/mod/github.com/spf13/cobra@v1.7.0/command.go:940\ngithub.com/spf13/cobra.(*Command).ExecuteC\n\t/Users/jedfordseculles/go/pkg/mod/github.com/spf13/cobra@v1.7.0/command.go:1068\ngithub.com/spf13/cobra.(*Command).Execute\n\t/Users/jedfordseculles/go/pkg/mod/github.com/spf13/cobra@v1.7.0/command.go:992\ngithub.com/contexis-cmp/contexis/tests/unit.(*CLICommandsTestSuite).TestAgentCommandFlagValidation.func3\n\t/Users/jedfordseculles/Projects/contexis/tests/unit/cli_commands_test.go:159\ntesting.tRunner\n\t/Users/jedfordseculles/.local/share/mise/installs/go/1.24.6/src/testing/testing.go:1792"}
{"level":"ERROR","timestamp":"2025-08-11T17:28:51.498+0800","caller":"commands/agent_generator.go:116","msg":"failed to generate agent context","error":"failed to parse template: open templates/agent/support_bot.ctx: no such file or directory","stacktrace":"github.com/contexis-cmp/contexis/src/cli/commands.GenerateAgent\n\t/Users/jedfordseculles/Projects/contexis/src/cli/commands/agent_generator.go:116\ngithub.com/contexis-cmp/contexis/src/cli/commands.GetAgentCommand.func1\n\t/Users/jedfordseculles/Projects/contexis/src/cli/commands/cli_commands.go:57\ngithub.com/spf13/cobra.(*Command).execute\n\t/Users/jedfordseculles/go/pkg/mod/github.com/spf13/cobra@v1.7.0/command.go:940\ngithub.com/spf13/cobra.(*Command).ExecuteC\n\t/Users/jedfordseculles/go/pkg/mod/github.com/spf13/cobra@v1.7.0/command.go:1068\ngithub.com/spf13/cobra.(*Command).Execute\n\t/Users/jedfordseculles/go/pkg/mod/github.com/spf13/cobra@v1.7.0/command.go:992\ngithub.com/contexis-cmp/contexis/tests/unit.(*CLICommandsTestSuite).TestAgentCommandFlagValidation.func3\n\t/Users/jedfordseculles/Projects/contexis/tests/unit/cli_commands_test.go:159\ntesting.tRunner\n\t/Users/jedfordseculles/.local/share/mise/installs/go/1.24.6/src/testing/testing.go:1792"}
Error: failed to generate agent context: failed to parse template: open templates/agent/support_bot.ctx: no such file or directory
Usage:
  agent [name] [flags]

Flags:
  -h, --help            help for agent
  -m, --memory string   Memory type (episodic,none) (default "episodic")
  -t, --tools string    Comma-separated list of tools (web_search,database,api,file_system,email)

    cli_commands_test.go:160: 
        	Error Trace:	/Users/jedfordseculles/Projects/contexis/tests/unit/cli_commands_test.go:160
        	Error:      	Received unexpected error:
        	            	failed to generate agent context: failed to parse template: open templates/agent/support_bot.ctx: no such file or directory
        	Test:       	TestCLICommandsTestSuite/TestAgentCommandFlagValidation/valid_memory_none
        	Messages:   	Agent command should accept valid memory type: none
=== RUN   TestCLICommandsTestSuite/TestAgentCommandFlagValidation/invalid_memory_invalid_memory
{"level":"ERROR","timestamp":"2025-08-11T17:28:51.498+0800","caller":"commands/agent_generator.go:65","msg":"agent configuration validation failed","error":"invalid memory type 'invalid_memory'. Valid types: episodic, none","stacktrace":"github.com/contexis-cmp/contexis/src/cli/commands.GenerateAgent\n\t/Users/jedfordseculles/Projects/contexis/src/cli/commands/agent_generator.go:65\ngithub.com/contexis-cmp/contexis/src/cli/commands.GetAgentCommand.func1\n\t/Users/jedfordseculles/Projects/contexis/src/cli/commands/cli_commands.go:57\ngithub.com/spf13/cobra.(*Command).execute\n\t/Users/jedfordseculles/go/pkg/mod/github.com/spf13/cobra@v1.7.0/command.go:940\ngithub.com/spf13/cobra.(*Command).ExecuteC\n\t/Users/jedfordseculles/go/pkg/mod/github.com/spf13/cobra@v1.7.0/command.go:1068\ngithub.com/spf13/cobra.(*Command).Execute\n\t/Users/jedfordseculles/go/pkg/mod/github.com/spf13/cobra@v1.7.0/command.go:992\ngithub.com/contexis-cmp/contexis/tests/unit.(*CLICommandsTestSuite).TestAgentCommandFlagValidation.func4\n\t/Users/jedfordseculles/Projects/contexis/tests/unit/cli_commands_test.go:170\ntesting.tRunner\n\t/Users/jedfordseculles/.local/share/mise/installs/go/1.24.6/src/testing/testing.go:1792"}
Error: invalid agent configuration: invalid memory type 'invalid_memory'. Valid types: episodic, none
Usage:
  agent [name] [flags]

Flags:
  -h, --help            help for agent
  -m, --memory string   Memory type (episodic,none) (default "episodic")
  -t, --tools string    Comma-separated list of tools (web_search,database,api,file_system,email)

=== RUN   TestCLICommandsTestSuite/TestAgentCommandFlagValidation/invalid_memory_memory
{"level":"ERROR","timestamp":"2025-08-11T17:28:51.498+0800","caller":"commands/agent_generator.go:65","msg":"agent configuration validation failed","error":"invalid memory type 'memory'. Valid types: episodic, none","stacktrace":"github.com/contexis-cmp/contexis/src/cli/commands.GenerateAgent\n\t/Users/jedfordseculles/Projects/contexis/src/cli/commands/agent_generator.go:65\ngithub.com/contexis-cmp/contexis/src/cli/commands.GetAgentCommand.func1\n\t/Users/jedfordseculles/Projects/contexis/src/cli/commands/cli_commands.go:57\ngithub.com/spf13/cobra.(*Command).execute\n\t/Users/jedfordseculles/go/pkg/mod/github.com/spf13/cobra@v1.7.0/command.go:940\ngithub.com/spf13/cobra.(*Command).ExecuteC\n\t/Users/jedfordseculles/go/pkg/mod/github.com/spf13/cobra@v1.7.0/command.go:1068\ngithub.com/spf13/cobra.(*Command).Execute\n\t/Users/jedfordseculles/go/pkg/mod/github.com/spf13/cobra@v1.7.0/command.go:992\ngithub.com/contexis-cmp/contexis/tests/unit.(*CLICommandsTestSuite).TestAgentCommandFlagValidation.func4\n\t/Users/jedfordseculles/Projects/contexis/tests/unit/cli_commands_test.go:170\ntesting.tRunner\n\t/Users/jedfordseculles/.local/share/mise/installs/go/1.24.6/src/testing/testing.go:1792"}
Error: invalid agent configuration: invalid memory type 'memory'. Valid types: episodic, none
Usage:
  agent [name] [flags]

Flags:
  -h, --help            help for agent
  -m, --memory string   Memory type (episodic,none) (default "episodic")
  -t, --tools string    Comma-separated list of tools (web_search,database,api,file_system,email)

=== RUN   TestCLICommandsTestSuite/TestAgentCommandFlagValidation/invalid_memory_episodic_memory
{"level":"ERROR","timestamp":"2025-08-11T17:28:51.498+0800","caller":"commands/agent_generator.go:65","msg":"agent configuration validation failed","error":"invalid memory type 'episodic_memory'. Valid types: episodic, none","stacktrace":"github.com/contexis-cmp/contexis/src/cli/commands.GenerateAgent\n\t/Users/jedfordseculles/Projects/contexis/src/cli/commands/agent_generator.go:65\ngithub.com/contexis-cmp/contexis/src/cli/commands.GetAgentCommand.func1\n\t/Users/jedfordseculles/Projects/contexis/src/cli/commands/cli_commands.go:57\ngithub.com/spf13/cobra.(*Command).execute\n\t/Users/jedfordseculles/go/pkg/mod/github.com/spf13/cobra@v1.7.0/command.go:940\ngithub.com/spf13/cobra.(*Command).ExecuteC\n\t/Users/jedfordseculles/go/pkg/mod/github.com/spf13/cobra@v1.7.0/command.go:1068\ngithub.com/spf13/cobra.(*Command).Execute\n\t/Users/jedfordseculles/go/pkg/mod/github.com/spf13/cobra@v1.7.0/command.go:992\ngithub.com/contexis-cmp/contexis/tests/unit.(*CLICommandsTestSuite).TestAgentCommandFlagValidation.func4\n\t/Users/jedfordseculles/Projects/contexis/tests/unit/cli_commands_test.go:170\ntesting.tRunner\n\t/Users/jedfordseculles/.local/share/mise/installs/go/1.24.6/src/testing/testing.go:1792"}
Error: invalid agent configuration: invalid memory type 'episodic_memory'. Valid types: episodic, none
Usage:
  agent [name] [flags]

Flags:
  -h, --help            help for agent
  -m, --memory string   Memory type (episodic,none) (default "episodic")
  -t, --tools string    Comma-separated list of tools (web_search,database,api,file_system,email)

=== RUN   TestCLICommandsTestSuite/TestAgentCommandFlags
=== RUN   TestCLICommandsTestSuite/TestAgentCommandStructure
    cli_commands_test.go:66: 
        	Error Trace:	/Users/jedfordseculles/Projects/contexis/tests/unit/cli_commands_test.go:66
        	Error:      	Not equal: 
        	            	expected: "agent"
        	            	actual  : "agent [name]"
        	            	
        	            	Diff:
        	            	--- Expected
        	            	+++ Actual
        	            	@@ -1 +1 @@
        	            	-agent
        	            	+agent [name]
        	Test:       	TestCLICommandsTestSuite/TestAgentCommandStructure
        	Messages:   	Agent command should have correct use
=== RUN   TestCLICommandsTestSuite/TestAgentCommandValidation
=== RUN   TestCLICommandsTestSuite/TestAgentCommandValidation/valid_name_SupportBot
{"level":"INFO","timestamp":"2025-08-11T17:28:51.498+0800","caller":"commands/agent_generator.go:91","msg":"generating agent","name":"SupportBot","tools":["web_search"],"memory":"episodic"}
{"level":"ERROR","timestamp":"2025-08-11T17:28:51.498+0800","caller":"commands/agent_generator.go:240","msg":"failed to parse agent context template","error":"open templates/agent/support_bot.ctx: no such file or directory","stacktrace":"github.com/contexis-cmp/contexis/src/cli/commands.generateAgentContext\n\t/Users/jedfordseculles/Projects/contexis/src/cli/commands/agent_generator.go:240\ngithub.com/contexis-cmp/contexis/src/cli/commands.GenerateAgent\n\t/Users/jedfordseculles/Projects/contexis/src/cli/commands/agent_generator.go:115\ngithub.com/contexis-cmp/contexis/src/cli/commands.GetAgentCommand.func1\n\t/Users/jedfordseculles/Projects/contexis/src/cli/commands/cli_commands.go:57\ngithub.com/spf13/cobra.(*Command).execute\n\t/Users/jedfordseculles/go/pkg/mod/github.com/spf13/cobra@v1.7.0/command.go:940\ngithub.com/spf13/cobra.(*Command).ExecuteC\n\t/Users/jedfordseculles/go/pkg/mod/github.com/spf13/cobra@v1.7.0/command.go:1068\ngithub.com/spf13/cobra.(*Command).Execute\n\t/Users/jedfordseculles/go/pkg/mod/github.com/spf13/cobra@v1.7.0/command.go:992\ngithub.com/contexis-cmp/contexis/tests/unit.(*CLICommandsTestSuite).TestAgentCommandValidation.func1\n\t/Users/jedfordseculles/Projects/contexis/tests/unit/cli_commands_test.go:89\ntesting.tRunner\n\t/Users/jedfordseculles/.local/share/mise/installs/go/1.24.6/src/testing/testing.go:1792"}
{"level":"ERROR","timestamp":"2025-08-11T17:28:51.498+0800","caller":"commands/agent_generator.go:116","msg":"failed to generate agent context","error":"failed to parse template: open templates/agent/support_bot.ctx: no such file or directory","stacktrace":"github.com/contexis-cmp/contexis/src/cli/commands.GenerateAgent\n\t/Users/jedfordseculles/Projects/contexis/src/cli/commands/agent_generator.go:116\ngithub.com/contexis-cmp/contexis/src/cli/commands.GetAgentCommand.func1\n\t/Users/jedfordseculles/Projects/contexis/src/cli/commands/cli_commands.go:57\ngithub.com/spf13/cobra.(*Command).execute\n\t/Users/jedfordseculles/go/pkg/mod/github.com/spf13/cobra@v1.7.0/command.go:940\ngithub.com/spf13/cobra.(*Command).ExecuteC\n\t/Users/jedfordseculles/go/pkg/mod/github.com/spf13/cobra@v1.7.0/command.go:1068\ngithub.com/spf13/cobra.(*Command).Execute\n\t/Users/jedfordseculles/go/pkg/mod/github.com/spf13/cobra@v1.7.0/command.go:992\ngithub.com/contexis-cmp/contexis/tests/unit.(*CLICommandsTestSuite).TestAgentCommandValidation.func1\n\t/Users/jedfordseculles/Projects/contexis/tests/unit/cli_commands_test.go:89\ntesting.tRunner\n\t/Users/jedfordseculles/.local/share/mise/installs/go/1.24.6/src/testing/testing.go:1792"}
Error: failed to generate agent context: failed to parse template: open templates/agent/support_bot.ctx: no such file or directory
Usage:
  agent [name] [flags]

Flags:
  -h, --help            help for agent
  -m, --memory string   Memory type (episodic,none) (default "episodic")
  -t, --tools string    Comma-separated list of tools (web_search,database,api,file_system,email)

    cli_commands_test.go:90: 
        	Error Trace:	/Users/jedfordseculles/Projects/contexis/tests/unit/cli_commands_test.go:90
        	Error:      	Received unexpected error:
        	            	failed to generate agent context: failed to parse template: open templates/agent/support_bot.ctx: no such file or directory
        	Test:       	TestCLICommandsTestSuite/TestAgentCommandValidation/valid_name_SupportBot
        	Messages:   	Agent command should accept valid name: SupportBot
=== RUN   TestCLICommandsTestSuite/TestAgentCommandValidation/valid_name_EmailBot
{"level":"INFO","timestamp":"2025-08-11T17:28:51.499+0800","caller":"commands/agent_generator.go:91","msg":"generating agent","name":"EmailBot","tools":["web_search"],"memory":"episodic"}
{"level":"ERROR","timestamp":"2025-08-11T17:28:51.499+0800","caller":"commands/agent_generator.go:240","msg":"failed to parse agent context template","error":"open templates/agent/support_bot.ctx: no such file or directory","stacktrace":"github.com/contexis-cmp/contexis/src/cli/commands.generateAgentContext\n\t/Users/jedfordseculles/Projects/contexis/src/cli/commands/agent_generator.go:240\ngithub.com/contexis-cmp/contexis/src/cli/commands.GenerateAgent\n\t/Users/jedfordseculles/Projects/contexis/src/cli/commands/agent_generator.go:115\ngithub.com/contexis-cmp/contexis/src/cli/commands.GetAgentCommand.func1\n\t/Users/jedfordseculles/Projects/contexis/src/cli/commands/cli_commands.go:57\ngithub.com/spf13/cobra.(*Command).execute\n\t/Users/jedfordseculles/go/pkg/mod/github.com/spf13/cobra@v1.7.0/command.go:940\ngithub.com/spf13/cobra.(*Command).ExecuteC\n\t/Users/jedfordseculles/go/pkg/mod/github.com/spf13/cobra@v1.7.0/command.go:1068\ngithub.com/spf13/cobra.(*Command).Execute\n\t/Users/jedfordseculles/go/pkg/mod/github.com/spf13/cobra@v1.7.0/command.go:992\ngithub.com/contexis-cmp/contexis/tests/unit.(*CLICommandsTestSuite).TestAgentCommandValidation.func1\n\t/Users/jedfordseculles/Projects/contexis/tests/unit/cli_commands_test.go:89\ntesting.tRunner\n\t/Users/jedfordseculles/.local/share/mise/installs/go/1.24.6/src/testing/testing.go:1792"}
{"level":"ERROR","timestamp":"2025-08-11T17:28:51.499+0800","caller":"commands/agent_generator.go:116","msg":"failed to generate agent context","error":"failed to parse template: open templates/agent/support_bot.ctx: no such file or directory","stacktrace":"github.com/contexis-cmp/contexis/src/cli/commands.GenerateAgent\n\t/Users/jedfordseculles/Projects/contexis/src/cli/commands/agent_generator.go:116\ngithub.com/contexis-cmp/contexis/src/cli/commands.GetAgentCommand.func1\n\t/Users/jedfordseculles/Projects/contexis/src/cli/commands/cli_commands.go:57\ngithub.com/spf13/cobra.(*Command).execute\n\t/Users/jedfordseculles/go/pkg/mod/github.com/spf13/cobra@v1.7.0/command.go:940\ngithub.com/spf13/cobra.(*Command).ExecuteC\n\t/Users/jedfordseculles/go/pkg/mod/github.com/spf13/cobra@v1.7.0/command.go:1068\ngithub.com/spf13/cobra.(*Command).Execute\n\t/Users/jedfordseculles/go/pkg/mod/github.com/spf13/cobra@v1.7.0/command.go:992\ngithub.com/contexis-cmp/contexis/tests/unit.(*CLICommandsTestSuite).TestAgentCommandValidation.func1\n\t/Users/jedfordseculles/Projects/contexis/tests/unit/cli_commands_test.go:89\ntesting.tRunner\n\t/Users/jedfordseculles/.local/share/mise/installs/go/1.24.6/src/testing/testing.go:1792"}
Error: failed to generate agent context: failed to parse template: open templates/agent/support_bot.ctx: no such file or directory
Usage:
  agent [name] [flags]

Flags:
  -h, --help            help for agent
  -m, --memory string   Memory type (episodic,none) (default "episodic")
  -t, --tools string    Comma-separated list of tools (web_search,database,api,file_system,email)

    cli_commands_test.go:90: 
        	Error Trace:	/Users/jedfordseculles/Projects/contexis/tests/unit/cli_commands_test.go:90
        	Error:      	Received unexpected error:
        	            	failed to generate agent context: failed to parse template: open templates/agent/support_bot.ctx: no such file or directory
        	Test:       	TestCLICommandsTestSuite/TestAgentCommandValidation/valid_name_EmailBot
        	Messages:   	Agent command should accept valid name: EmailBot
=== RUN   TestCLICommandsTestSuite/TestAgentCommandValidation/valid_name_FileBot
{"level":"INFO","timestamp":"2025-08-11T17:28:51.499+0800","caller":"commands/agent_generator.go:91","msg":"generating agent","name":"FileBot","tools":["web_search"],"memory":"episodic"}
{"level":"ERROR","timestamp":"2025-08-11T17:28:51.499+0800","caller":"commands/agent_generator.go:240","msg":"failed to parse agent context template","error":"open templates/agent/support_bot.ctx: no such file or directory","stacktrace":"github.com/contexis-cmp/contexis/src/cli/commands.generateAgentContext\n\t/Users/jedfordseculles/Projects/contexis/src/cli/commands/agent_generator.go:240\ngithub.com/contexis-cmp/contexis/src/cli/commands.GenerateAgent\n\t/Users/jedfordseculles/Projects/contexis/src/cli/commands/agent_generator.go:115\ngithub.com/contexis-cmp/contexis/src/cli/commands.GetAgentCommand.func1\n\t/Users/jedfordseculles/Projects/contexis/src/cli/commands/cli_commands.go:57\ngithub.com/spf13/cobra.(*Command).execute\n\t/Users/jedfordseculles/go/pkg/mod/github.com/spf13/cobra@v1.7.0/command.go:940\ngithub.com/spf13/cobra.(*Command).ExecuteC\n\t/Users/jedfordseculles/go/pkg/mod/github.com/spf13/cobra@v1.7.0/command.go:1068\ngithub.com/spf13/cobra.(*Command).Execute\n\t/Users/jedfordseculles/go/pkg/mod/github.com/spf13/cobra@v1.7.0/command.go:992\ngithub.com/contexis-cmp/contexis/tests/unit.(*CLICommandsTestSuite).TestAgentCommandValidation.func1\n\t/Users/jedfordseculles/Projects/contexis/tests/unit/cli_commands_test.go:89\ntesting.tRunner\n\t/Users/jedfordseculles/.local/share/mise/installs/go/1.24.6/src/testing/testing.go:1792"}
{"level":"ERROR","timestamp":"2025-08-11T17:28:51.499+0800","caller":"commands/agent_generator.go:116","msg":"failed to generate agent context","error":"failed to parse template: open templates/agent/support_bot.ctx: no such file or directory","stacktrace":"github.com/contexis-cmp/contexis/src/cli/commands.GenerateAgent\n\t/Users/jedfordseculles/Projects/contexis/src/cli/commands/agent_generator.go:116\ngithub.com/contexis-cmp/contexis/src/cli/commands.GetAgentCommand.func1\n\t/Users/jedfordseculles/Projects/contexis/src/cli/commands/cli_commands.go:57\ngithub.com/spf13/cobra.(*Command).execute\n\t/Users/jedfordseculles/go/pkg/mod/github.com/spf13/cobra@v1.7.0/command.go:940\ngithub.com/spf13/cobra.(*Command).ExecuteC\n\t/Users/jedfordseculles/go/pkg/mod/github.com/spf13/cobra@v1.7.0/command.go:1068\ngithub.com/spf13/cobra.(*Command).Execute\n\t/Users/jedfordseculles/go/pkg/mod/github.com/spf13/cobra@v1.7.0/command.go:992\ngithub.com/contexis-cmp/contexis/tests/unit.(*CLICommandsTestSuite).TestAgentCommandValidation.func1\n\t/Users/jedfordseculles/Projects/contexis/tests/unit/cli_commands_test.go:89\ntesting.tRunner\n\t/Users/jedfordseculles/.local/share/mise/installs/go/1.24.6/src/testing/testing.go:1792"}
Error: failed to generate agent context: failed to parse template: open templates/agent/support_bot.ctx: no such file or directory
Usage:
  agent [name] [flags]

Flags:
  -h, --help            help for agent
  -m, --memory string   Memory type (episodic,none) (default "episodic")
  -t, --tools string    Comma-separated list of tools (web_search,database,api,file_system,email)

    cli_commands_test.go:90: 
        	Error Trace:	/Users/jedfordseculles/Projects/contexis/tests/unit/cli_commands_test.go:90
        	Error:      	Received unexpected error:
        	            	failed to generate agent context: failed to parse template: open templates/agent/support_bot.ctx: no such file or directory
        	Test:       	TestCLICommandsTestSuite/TestAgentCommandValidation/valid_name_FileBot
        	Messages:   	Agent command should accept valid name: FileBot
=== RUN   TestCLICommandsTestSuite/TestAgentCommandValidation/valid_name_test_agent
{"level":"INFO","timestamp":"2025-08-11T17:28:51.499+0800","caller":"commands/agent_generator.go:91","msg":"generating agent","name":"test_agent","tools":["web_search"],"memory":"episodic"}
{"level":"ERROR","timestamp":"2025-08-11T17:28:51.499+0800","caller":"commands/agent_generator.go:240","msg":"failed to parse agent context template","error":"open templates/agent/support_bot.ctx: no such file or directory","stacktrace":"github.com/contexis-cmp/contexis/src/cli/commands.generateAgentContext\n\t/Users/jedfordseculles/Projects/contexis/src/cli/commands/agent_generator.go:240\ngithub.com/contexis-cmp/contexis/src/cli/commands.GenerateAgent\n\t/Users/jedfordseculles/Projects/contexis/src/cli/commands/agent_generator.go:115\ngithub.com/contexis-cmp/contexis/src/cli/commands.GetAgentCommand.func1\n\t/Users/jedfordseculles/Projects/contexis/src/cli/commands/cli_commands.go:57\ngithub.com/spf13/cobra.(*Command).execute\n\t/Users/jedfordseculles/go/pkg/mod/github.com/spf13/cobra@v1.7.0/command.go:940\ngithub.com/spf13/cobra.(*Command).ExecuteC\n\t/Users/jedfordseculles/go/pkg/mod/github.com/spf13/cobra@v1.7.0/command.go:1068\ngithub.com/spf13/cobra.(*Command).Execute\n\t/Users/jedfordseculles/go/pkg/mod/github.com/spf13/cobra@v1.7.0/command.go:992\ngithub.com/contexis-cmp/contexis/tests/unit.(*CLICommandsTestSuite).TestAgentCommandValidation.func1\n\t/Users/jedfordseculles/Projects/contexis/tests/unit/cli_commands_test.go:89\ntesting.tRunner\n\t/Users/jedfordseculles/.local/share/mise/installs/go/1.24.6/src/testing/testing.go:1792"}
{"level":"ERROR","timestamp":"2025-08-11T17:28:51.499+0800","caller":"commands/agent_generator.go:116","msg":"failed to generate agent context","error":"failed to parse template: open templates/agent/support_bot.ctx: no such file or directory","stacktrace":"github.com/contexis-cmp/contexis/src/cli/commands.GenerateAgent\n\t/Users/jedfordseculles/Projects/contexis/src/cli/commands/agent_generator.go:116\ngithub.com/contexis-cmp/contexis/src/cli/commands.GetAgentCommand.func1\n\t/Users/jedfordseculles/Projects/contexis/src/cli/commands/cli_commands.go:57\ngithub.com/spf13/cobra.(*Command).execute\n\t/Users/jedfordseculles/go/pkg/mod/github.com/spf13/cobra@v1.7.0/command.go:940\ngithub.com/spf13/cobra.(*Command).ExecuteC\n\t/Users/jedfordseculles/go/pkg/mod/github.com/spf13/cobra@v1.7.0/command.go:1068\ngithub.com/spf13/cobra.(*Command).Execute\n\t/Users/jedfordseculles/go/pkg/mod/github.com/spf13/cobra@v1.7.0/command.go:992\ngithub.com/contexis-cmp/contexis/tests/unit.(*CLICommandsTestSuite).TestAgentCommandValidation.func1\n\t/Users/jedfordseculles/Projects/contexis/tests/unit/cli_commands_test.go:89\ntesting.tRunner\n\t/Users/jedfordseculles/.local/share/mise/installs/go/1.24.6/src/testing/testing.go:1792"}
Error: failed to generate agent context: failed to parse template: open templates/agent/support_bot.ctx: no such file or directory
Usage:
  agent [name] [flags]

Flags:
  -h, --help            help for agent
  -m, --memory string   Memory type (episodic,none) (default "episodic")
  -t, --tools string    Comma-separated list of tools (web_search,database,api,file_system,email)

    cli_commands_test.go:90: 
        	Error Trace:	/Users/jedfordseculles/Projects/contexis/tests/unit/cli_commands_test.go:90
        	Error:      	Received unexpected error:
        	            	failed to generate agent context: failed to parse template: open templates/agent/support_bot.ctx: no such file or directory
        	Test:       	TestCLICommandsTestSuite/TestAgentCommandValidation/valid_name_test_agent
        	Messages:   	Agent command should accept valid name: test_agent
=== RUN   TestCLICommandsTestSuite/TestAgentCommandValidation/valid_name_agent-123
{"level":"INFO","timestamp":"2025-08-11T17:28:51.499+0800","caller":"commands/agent_generator.go:91","msg":"generating agent","name":"agent-123","tools":["web_search"],"memory":"episodic"}
{"level":"ERROR","timestamp":"2025-08-11T17:28:51.499+0800","caller":"commands/agent_generator.go:240","msg":"failed to parse agent context template","error":"open templates/agent/support_bot.ctx: no such file or directory","stacktrace":"github.com/contexis-cmp/contexis/src/cli/commands.generateAgentContext\n\t/Users/jedfordseculles/Projects/contexis/src/cli/commands/agent_generator.go:240\ngithub.com/contexis-cmp/contexis/src/cli/commands.GenerateAgent\n\t/Users/jedfordseculles/Projects/contexis/src/cli/commands/agent_generator.go:115\ngithub.com/contexis-cmp/contexis/src/cli/commands.GetAgentCommand.func1\n\t/Users/jedfordseculles/Projects/contexis/src/cli/commands/cli_commands.go:57\ngithub.com/spf13/cobra.(*Command).execute\n\t/Users/jedfordseculles/go/pkg/mod/github.com/spf13/cobra@v1.7.0/command.go:940\ngithub.com/spf13/cobra.(*Command).ExecuteC\n\t/Users/jedfordseculles/go/pkg/mod/github.com/spf13/cobra@v1.7.0/command.go:1068\ngithub.com/spf13/cobra.(*Command).Execute\n\t/Users/jedfordseculles/go/pkg/mod/github.com/spf13/cobra@v1.7.0/command.go:992\ngithub.com/contexis-cmp/contexis/tests/unit.(*CLICommandsTestSuite).TestAgentCommandValidation.func1\n\t/Users/jedfordseculles/Projects/contexis/tests/unit/cli_commands_test.go:89\ntesting.tRunner\n\t/Users/jedfordseculles/.local/share/mise/installs/go/1.24.6/src/testing/testing.go:1792"}
{"level":"ERROR","timestamp":"2025-08-11T17:28:51.499+0800","caller":"commands/agent_generator.go:116","msg":"failed to generate agent context","error":"failed to parse template: open templates/agent/support_bot.ctx: no such file or directory","stacktrace":"github.com/contexis-cmp/contexis/src/cli/commands.GenerateAgent\n\t/Users/jedfordseculles/Projects/contexis/src/cli/commands/agent_generator.go:116\ngithub.com/contexis-cmp/contexis/src/cli/commands.GetAgentCommand.func1\n\t/Users/jedfordseculles/Projects/contexis/src/cli/commands/cli_commands.go:57\ngithub.com/spf13/cobra.(*Command).execute\n\t/Users/jedfordseculles/go/pkg/mod/github.com/spf13/cobra@v1.7.0/command.go:940\ngithub.com/spf13/cobra.(*Command).ExecuteC\n\t/Users/jedfordseculles/go/pkg/mod/github.com/spf13/cobra@v1.7.0/command.go:1068\ngithub.com/spf13/cobra.(*Command).Execute\n\t/Users/jedfordseculles/go/pkg/mod/github.com/spf13/cobra@v1.7.0/command.go:992\ngithub.com/contexis-cmp/contexis/tests/unit.(*CLICommandsTestSuite).TestAgentCommandValidation.func1\n\t/Users/jedfordseculles/Projects/contexis/tests/unit/cli_commands_test.go:89\ntesting.tRunner\n\t/Users/jedfordseculles/.local/share/mise/installs/go/1.24.6/src/testing/testing.go:1792"}
Error: failed to generate agent context: failed to parse template: open templates/agent/support_bot.ctx: no such file or directory
Usage:
  agent [name] [flags]

Flags:
  -h, --help            help for agent
  -m, --memory string   Memory type (episodic,none) (default "episodic")
  -t, --tools string    Comma-separated list of tools (web_search,database,api,file_system,email)

    cli_commands_test.go:90: 
        	Error Trace:	/Users/jedfordseculles/Projects/contexis/tests/unit/cli_commands_test.go:90
        	Error:      	Received unexpected error:
        	            	failed to generate agent context: failed to parse template: open templates/agent/support_bot.ctx: no such file or directory
        	Test:       	TestCLICommandsTestSuite/TestAgentCommandValidation/valid_name_agent-123
        	Messages:   	Agent command should accept valid name: agent-123
=== RUN   TestCLICommandsTestSuite/TestAgentCommandValidation/valid_name_MyAgent
{"level":"INFO","timestamp":"2025-08-11T17:28:51.499+0800","caller":"commands/agent_generator.go:91","msg":"generating agent","name":"MyAgent","tools":["web_search"],"memory":"episodic"}
{"level":"ERROR","timestamp":"2025-08-11T17:28:51.499+0800","caller":"commands/agent_generator.go:240","msg":"failed to parse agent context template","error":"open templates/agent/support_bot.ctx: no such file or directory","stacktrace":"github.com/contexis-cmp/contexis/src/cli/commands.generateAgentContext\n\t/Users/jedfordseculles/Projects/contexis/src/cli/commands/agent_generator.go:240\ngithub.com/contexis-cmp/contexis/src/cli/commands.GenerateAgent\n\t/Users/jedfordseculles/Projects/contexis/src/cli/commands/agent_generator.go:115\ngithub.com/contexis-cmp/contexis/src/cli/commands.GetAgentCommand.func1\n\t/Users/jedfordseculles/Projects/contexis/src/cli/commands/cli_commands.go:57\ngithub.com/spf13/cobra.(*Command).execute\n\t/Users/jedfordseculles/go/pkg/mod/github.com/spf13/cobra@v1.7.0/command.go:940\ngithub.com/spf13/cobra.(*Command).ExecuteC\n\t/Users/jedfordseculles/go/pkg/mod/github.com/spf13/cobra@v1.7.0/command.go:1068\ngithub.com/spf13/cobra.(*Command).Execute\n\t/Users/jedfordseculles/go/pkg/mod/github.com/spf13/cobra@v1.7.0/command.go:992\ngithub.com/contexis-cmp/contexis/tests/unit.(*CLICommandsTestSuite).TestAgentCommandValidation.func1\n\t/Users/jedfordseculles/Projects/contexis/tests/unit/cli_commands_test.go:89\ntesting.tRunner\n\t/Users/jedfordseculles/.local/share/mise/installs/go/1.24.6/src/testing/testing.go:1792"}
{"level":"ERROR","timestamp":"2025-08-11T17:28:51.499+0800","caller":"commands/agent_generator.go:116","msg":"failed to generate agent context","error":"failed to parse template: open templates/agent/support_bot.ctx: no such file or directory","stacktrace":"github.com/contexis-cmp/contexis/src/cli/commands.GenerateAgent\n\t/Users/jedfordseculles/Projects/contexis/src/cli/commands/agent_generator.go:116\ngithub.com/contexis-cmp/contexis/src/cli/commands.GetAgentCommand.func1\n\t/Users/jedfordseculles/Projects/contexis/src/cli/commands/cli_commands.go:57\ngithub.com/spf13/cobra.(*Command).execute\n\t/Users/jedfordseculles/go/pkg/mod/github.com/spf13/cobra@v1.7.0/command.go:940\ngithub.com/spf13/cobra.(*Command).ExecuteC\n\t/Users/jedfordseculles/go/pkg/mod/github.com/spf13/cobra@v1.7.0/command.go:1068\ngithub.com/spf13/cobra.(*Command).Execute\n\t/Users/jedfordseculles/go/pkg/mod/github.com/spf13/cobra@v1.7.0/command.go:992\ngithub.com/contexis-cmp/contexis/tests/unit.(*CLICommandsTestSuite).TestAgentCommandValidation.func1\n\t/Users/jedfordseculles/Projects/contexis/tests/unit/cli_commands_test.go:89\ntesting.tRunner\n\t/Users/jedfordseculles/.local/share/mise/installs/go/1.24.6/src/testing/testing.go:1792"}
Error: failed to generate agent context: failed to parse template: open templates/agent/support_bot.ctx: no such file or directory
Usage:
  agent [name] [flags]

Flags:
  -h, --help            help for agent
  -m, --memory string   Memory type (episodic,none) (default "episodic")
  -t, --tools string    Comma-separated list of tools (web_search,database,api,file_system,email)

    cli_commands_test.go:90: 
        	Error Trace:	/Users/jedfordseculles/Projects/contexis/tests/unit/cli_commands_test.go:90
        	Error:      	Received unexpected error:
        	            	failed to generate agent context: failed to parse template: open templates/agent/support_bot.ctx: no such file or directory
        	Test:       	TestCLICommandsTestSuite/TestAgentCommandValidation/valid_name_MyAgent
        	Messages:   	Agent command should accept valid name: MyAgent
=== RUN   TestCLICommandsTestSuite/TestAgentCommandValidation/invalid_name_a
{"level":"INFO","timestamp":"2025-08-11T17:28:51.499+0800","caller":"commands/agent_generator.go:91","msg":"generating agent","name":"a","tools":["web_search"],"memory":"episodic"}
{"level":"ERROR","timestamp":"2025-08-11T17:28:51.499+0800","caller":"commands/agent_generator.go:240","msg":"failed to parse agent context template","error":"open templates/agent/support_bot.ctx: no such file or directory","stacktrace":"github.com/contexis-cmp/contexis/src/cli/commands.generateAgentContext\n\t/Users/jedfordseculles/Projects/contexis/src/cli/commands/agent_generator.go:240\ngithub.com/contexis-cmp/contexis/src/cli/commands.GenerateAgent\n\t/Users/jedfordseculles/Projects/contexis/src/cli/commands/agent_generator.go:115\ngithub.com/contexis-cmp/contexis/src/cli/commands.GetAgentCommand.func1\n\t/Users/jedfordseculles/Projects/contexis/src/cli/commands/cli_commands.go:57\ngithub.com/spf13/cobra.(*Command).execute\n\t/Users/jedfordseculles/go/pkg/mod/github.com/spf13/cobra@v1.7.0/command.go:940\ngithub.com/spf13/cobra.(*Command).ExecuteC\n\t/Users/jedfordseculles/go/pkg/mod/github.com/spf13/cobra@v1.7.0/command.go:1068\ngithub.com/spf13/cobra.(*Command).Execute\n\t/Users/jedfordseculles/go/pkg/mod/github.com/spf13/cobra@v1.7.0/command.go:992\ngithub.com/contexis-cmp/contexis/tests/unit.(*CLICommandsTestSuite).TestAgentCommandValidation.func2\n\t/Users/jedfordseculles/Projects/contexis/tests/unit/cli_commands_test.go:100\ntesting.tRunner\n\t/Users/jedfordseculles/.local/share/mise/installs/go/1.24.6/src/testing/testing.go:1792"}
{"level":"ERROR","timestamp":"2025-08-11T17:28:51.499+0800","caller":"commands/agent_generator.go:116","msg":"failed to generate agent context","error":"failed to parse template: open templates/agent/support_bot.ctx: no such file or directory","stacktrace":"github.com/contexis-cmp/contexis/src/cli/commands.GenerateAgent\n\t/Users/jedfordseculles/Projects/contexis/src/cli/commands/agent_generator.go:116\ngithub.com/contexis-cmp/contexis/src/cli/commands.GetAgentCommand.func1\n\t/Users/jedfordseculles/Projects/contexis/src/cli/commands/cli_commands.go:57\ngithub.com/spf13/cobra.(*Command).execute\n\t/Users/jedfordseculles/go/pkg/mod/github.com/spf13/cobra@v1.7.0/command.go:940\ngithub.com/spf13/cobra.(*Command).ExecuteC\n\t/Users/jedfordseculles/go/pkg/mod/github.com/spf13/cobra@v1.7.0/command.go:1068\ngithub.com/spf13/cobra.(*Command).Execute\n\t/Users/jedfordseculles/go/pkg/mod/github.com/spf13/cobra@v1.7.0/command.go:992\ngithub.com/contexis-cmp/contexis/tests/unit.(*CLICommandsTestSuite).TestAgentCommandValidation.func2\n\t/Users/jedfordseculles/Projects/contexis/tests/unit/cli_commands_test.go:100\ntesting.tRunner\n\t/Users/jedfordseculles/.local/share/mise/installs/go/1.24.6/src/testing/testing.go:1792"}
Error: failed to generate agent context: failed to parse template: open templates/agent/support_bot.ctx: no such file or directory
Usage:
  agent [name] [flags]

Flags:
  -h, --help            help for agent
  -m, --memory string   Memory type (episodic,none) (default "episodic")
  -t, --tools string    Comma-separated list of tools (web_search,database,api,file_system,email)

=== RUN   TestCLICommandsTestSuite/TestAgentCommandValidation/invalid_name_invalid_name_with_spaces
{"level":"INFO","timestamp":"2025-08-11T17:28:51.499+0800","caller":"commands/agent_generator.go:91","msg":"generating agent","name":"invalid name with spaces","tools":["web_search"],"memory":"episodic"}
{"level":"ERROR","timestamp":"2025-08-11T17:28:51.499+0800","caller":"commands/agent_generator.go:240","msg":"failed to parse agent context template","error":"open templates/agent/support_bot.ctx: no such file or directory","stacktrace":"github.com/contexis-cmp/contexis/src/cli/commands.generateAgentContext\n\t/Users/jedfordseculles/Projects/contexis/src/cli/commands/agent_generator.go:240\ngithub.com/contexis-cmp/contexis/src/cli/commands.GenerateAgent\n\t/Users/jedfordseculles/Projects/contexis/src/cli/commands/agent_generator.go:115\ngithub.com/contexis-cmp/contexis/src/cli/commands.GetAgentCommand.func1\n\t/Users/jedfordseculles/Projects/contexis/src/cli/commands/cli_commands.go:57\ngithub.com/spf13/cobra.(*Command).execute\n\t/Users/jedfordseculles/go/pkg/mod/github.com/spf13/cobra@v1.7.0/command.go:940\ngithub.com/spf13/cobra.(*Command).ExecuteC\n\t/Users/jedfordseculles/go/pkg/mod/github.com/spf13/cobra@v1.7.0/command.go:1068\ngithub.com/spf13/cobra.(*Command).Execute\n\t/Users/jedfordseculles/go/pkg/mod/github.com/spf13/cobra@v1.7.0/command.go:992\ngithub.com/contexis-cmp/contexis/tests/unit.(*CLICommandsTestSuite).TestAgentCommandValidation.func2\n\t/Users/jedfordseculles/Projects/contexis/tests/unit/cli_commands_test.go:100\ntesting.tRunner\n\t/Users/jedfordseculles/.local/share/mise/installs/go/1.24.6/src/testing/testing.go:1792"}
{"level":"ERROR","timestamp":"2025-08-11T17:28:51.499+0800","caller":"commands/agent_generator.go:116","msg":"failed to generate agent context","error":"failed to parse template: open templates/agent/support_bot.ctx: no such file or directory","stacktrace":"github.com/contexis-cmp/contexis/src/cli/commands.GenerateAgent\n\t/Users/jedfordseculles/Projects/contexis/src/cli/commands/agent_generator.go:116\ngithub.com/contexis-cmp/contexis/src/cli/commands.GetAgentCommand.func1\n\t/Users/jedfordseculles/Projects/contexis/src/cli/commands/cli_commands.go:57\ngithub.com/spf13/cobra.(*Command).execute\n\t/Users/jedfordseculles/go/pkg/mod/github.com/spf13/cobra@v1.7.0/command.go:940\ngithub.com/spf13/cobra.(*Command).ExecuteC\n\t/Users/jedfordseculles/go/pkg/mod/github.com/spf13/cobra@v1.7.0/command.go:1068\ngithub.com/spf13/cobra.(*Command).Execute\n\t/Users/jedfordseculles/go/pkg/mod/github.com/spf13/cobra@v1.7.0/command.go:992\ngithub.com/contexis-cmp/contexis/tests/unit.(*CLICommandsTestSuite).TestAgentCommandValidation.func2\n\t/Users/jedfordseculles/Projects/contexis/tests/unit/cli_commands_test.go:100\ntesting.tRunner\n\t/Users/jedfordseculles/.local/share/mise/installs/go/1.24.6/src/testing/testing.go:1792"}
Error: failed to generate agent context: failed to parse template: open templates/agent/support_bot.ctx: no such file or directory
Usage:
  agent [name] [flags]

Flags:
  -h, --help            help for agent
  -m, --memory string   Memory type (episodic,none) (default "episodic")
  -t, --tools string    Comma-separated list of tools (web_search,database,api,file_system,email)

=== RUN   TestCLICommandsTestSuite/TestAgentCommandValidation/invalid_name_invalid-name-with-special-chars!@#
{"level":"INFO","timestamp":"2025-08-11T17:28:51.499+0800","caller":"commands/agent_generator.go:91","msg":"generating agent","name":"invalid-name-with-special-chars!@#","tools":["web_search"],"memory":"episodic"}
{"level":"ERROR","timestamp":"2025-08-11T17:28:51.499+0800","caller":"commands/agent_generator.go:240","msg":"failed to parse agent context template","error":"open templates/agent/support_bot.ctx: no such file or directory","stacktrace":"github.com/contexis-cmp/contexis/src/cli/commands.generateAgentContext\n\t/Users/jedfordseculles/Projects/contexis/src/cli/commands/agent_generator.go:240\ngithub.com/contexis-cmp/contexis/src/cli/commands.GenerateAgent\n\t/Users/jedfordseculles/Projects/contexis/src/cli/commands/agent_generator.go:115\ngithub.com/contexis-cmp/contexis/src/cli/commands.GetAgentCommand.func1\n\t/Users/jedfordseculles/Projects/contexis/src/cli/commands/cli_commands.go:57\ngithub.com/spf13/cobra.(*Command).execute\n\t/Users/jedfordseculles/go/pkg/mod/github.com/spf13/cobra@v1.7.0/command.go:940\ngithub.com/spf13/cobra.(*Command).ExecuteC\n\t/Users/jedfordseculles/go/pkg/mod/github.com/spf13/cobra@v1.7.0/command.go:1068\ngithub.com/spf13/cobra.(*Command).Execute\n\t/Users/jedfordseculles/go/pkg/mod/github.com/spf13/cobra@v1.7.0/command.go:992\ngithub.com/contexis-cmp/contexis/tests/unit.(*CLICommandsTestSuite).TestAgentCommandValidation.func2\n\t/Users/jedfordseculles/Projects/contexis/tests/unit/cli_commands_test.go:100\ntesting.tRunner\n\t/Users/jedfordseculles/.local/share/mise/installs/go/1.24.6/src/testing/testing.go:1792"}
{"level":"ERROR","timestamp":"2025-08-11T17:28:51.499+0800","caller":"commands/agent_generator.go:116","msg":"failed to generate agent context","error":"failed to parse template: open templates/agent/support_bot.ctx: no such file or directory","stacktrace":"github.com/contexis-cmp/contexis/src/cli/commands.GenerateAgent\n\t/Users/jedfordseculles/Projects/contexis/src/cli/commands/agent_generator.go:116\ngithub.com/contexis-cmp/contexis/src/cli/commands.GetAgentCommand.func1\n\t/Users/jedfordseculles/Projects/contexis/src/cli/commands/cli_commands.go:57\ngithub.com/spf13/cobra.(*Command).execute\n\t/Users/jedfordseculles/go/pkg/mod/github.com/spf13/cobra@v1.7.0/command.go:940\ngithub.com/spf13/cobra.(*Command).ExecuteC\n\t/Users/jedfordseculles/go/pkg/mod/github.com/spf13/cobra@v1.7.0/command.go:1068\ngithub.com/spf13/cobra.(*Command).Execute\n\t/Users/jedfordseculles/go/pkg/mod/github.com/spf13/cobra@v1.7.0/command.go:992\ngithub.com/contexis-cmp/contexis/tests/unit.(*CLICommandsTestSuite).TestAgentCommandValidation.func2\n\t/Users/jedfordseculles/Projects/contexis/tests/unit/cli_commands_test.go:100\ntesting.tRunner\n\t/Users/jedfordseculles/.local/share/mise/installs/go/1.24.6/src/testing/testing.go:1792"}
Error: failed to generate agent context: failed to parse template: open templates/agent/support_bot.ctx: no such file or directory
Usage:
  agent [name] [flags]

Flags:
  -h, --help            help for agent
  -m, --memory string   Memory type (episodic,none) (default "episodic")
  -t, --tools string    Comma-separated list of tools (web_search,database,api,file_system,email)

=== RUN   TestCLICommandsTestSuite/TestAgentCommandValidation/invalid_name_invalid/name/with/slashes
{"level":"INFO","timestamp":"2025-08-11T17:28:51.499+0800","caller":"commands/agent_generator.go:91","msg":"generating agent","name":"invalid/name/with/slashes","tools":["web_search"],"memory":"episodic"}
{"level":"ERROR","timestamp":"2025-08-11T17:28:51.500+0800","caller":"commands/agent_generator.go:240","msg":"failed to parse agent context template","error":"open templates/agent/support_bot.ctx: no such file or directory","stacktrace":"github.com/contexis-cmp/contexis/src/cli/commands.generateAgentContext\n\t/Users/jedfordseculles/Projects/contexis/src/cli/commands/agent_generator.go:240\ngithub.com/contexis-cmp/contexis/src/cli/commands.GenerateAgent\n\t/Users/jedfordseculles/Projects/contexis/src/cli/commands/agent_generator.go:115\ngithub.com/contexis-cmp/contexis/src/cli/commands.GetAgentCommand.func1\n\t/Users/jedfordseculles/Projects/contexis/src/cli/commands/cli_commands.go:57\ngithub.com/spf13/cobra.(*Command).execute\n\t/Users/jedfordseculles/go/pkg/mod/github.com/spf13/cobra@v1.7.0/command.go:940\ngithub.com/spf13/cobra.(*Command).ExecuteC\n\t/Users/jedfordseculles/go/pkg/mod/github.com/spf13/cobra@v1.7.0/command.go:1068\ngithub.com/spf13/cobra.(*Command).Execute\n\t/Users/jedfordseculles/go/pkg/mod/github.com/spf13/cobra@v1.7.0/command.go:992\ngithub.com/contexis-cmp/contexis/tests/unit.(*CLICommandsTestSuite).TestAgentCommandValidation.func2\n\t/Users/jedfordseculles/Projects/contexis/tests/unit/cli_commands_test.go:100\ntesting.tRunner\n\t/Users/jedfordseculles/.local/share/mise/installs/go/1.24.6/src/testing/testing.go:1792"}
{"level":"ERROR","timestamp":"2025-08-11T17:28:51.500+0800","caller":"commands/agent_generator.go:116","msg":"failed to generate agent context","error":"failed to parse template: open templates/agent/support_bot.ctx: no such file or directory","stacktrace":"github.com/contexis-cmp/contexis/src/cli/commands.GenerateAgent\n\t/Users/jedfordseculles/Projects/contexis/src/cli/commands/agent_generator.go:116\ngithub.com/contexis-cmp/contexis/src/cli/commands.GetAgentCommand.func1\n\t/Users/jedfordseculles/Projects/contexis/src/cli/commands/cli_commands.go:57\ngithub.com/spf13/cobra.(*Command).execute\n\t/Users/jedfordseculles/go/pkg/mod/github.com/spf13/cobra@v1.7.0/command.go:940\ngithub.com/spf13/cobra.(*Command).ExecuteC\n\t/Users/jedfordseculles/go/pkg/mod/github.com/spf13/cobra@v1.7.0/command.go:1068\ngithub.com/spf13/cobra.(*Command).Execute\n\t/Users/jedfordseculles/go/pkg/mod/github.com/spf13/cobra@v1.7.0/command.go:992\ngithub.com/contexis-cmp/contexis/tests/unit.(*CLICommandsTestSuite).TestAgentCommandValidation.func2\n\t/Users/jedfordseculles/Projects/contexis/tests/unit/cli_commands_test.go:100\ntesting.tRunner\n\t/Users/jedfordseculles/.local/share/mise/installs/go/1.24.6/src/testing/testing.go:1792"}
Error: failed to generate agent context: failed to parse template: open templates/agent/support_bot.ctx: no such file or directory
Usage:
  agent [name] [flags]

Flags:
  -h, --help            help for agent
  -m, --memory string   Memory type (episodic,none) (default "episodic")
  -t, --tools string    Comma-separated list of tools (web_search,database,api,file_system,email)

=== RUN   TestCLICommandsTestSuite/TestAgentCommandValidation/invalid_name_invalid\name\with\backslashes
{"level":"INFO","timestamp":"2025-08-11T17:28:51.500+0800","caller":"commands/agent_generator.go:91","msg":"generating agent","name":"invalid\\name\\with\\backslashes","tools":["web_search"],"memory":"episodic"}
{"level":"ERROR","timestamp":"2025-08-11T17:28:51.500+0800","caller":"commands/agent_generator.go:240","msg":"failed to parse agent context template","error":"open templates/agent/support_bot.ctx: no such file or directory","stacktrace":"github.com/contexis-cmp/contexis/src/cli/commands.generateAgentContext\n\t/Users/jedfordseculles/Projects/contexis/src/cli/commands/agent_generator.go:240\ngithub.com/contexis-cmp/contexis/src/cli/commands.GenerateAgent\n\t/Users/jedfordseculles/Projects/contexis/src/cli/commands/agent_generator.go:115\ngithub.com/contexis-cmp/contexis/src/cli/commands.GetAgentCommand.func1\n\t/Users/jedfordseculles/Projects/contexis/src/cli/commands/cli_commands.go:57\ngithub.com/spf13/cobra.(*Command).execute\n\t/Users/jedfordseculles/go/pkg/mod/github.com/spf13/cobra@v1.7.0/command.go:940\ngithub.com/spf13/cobra.(*Command).ExecuteC\n\t/Users/jedfordseculles/go/pkg/mod/github.com/spf13/cobra@v1.7.0/command.go:1068\ngithub.com/spf13/cobra.(*Command).Execute\n\t/Users/jedfordseculles/go/pkg/mod/github.com/spf13/cobra@v1.7.0/command.go:992\ngithub.com/contexis-cmp/contexis/tests/unit.(*CLICommandsTestSuite).TestAgentCommandValidation.func2\n\t/Users/jedfordseculles/Projects/contexis/tests/unit/cli_commands_test.go:100\ntesting.tRunner\n\t/Users/jedfordseculles/.local/share/mise/installs/go/1.24.6/src/testing/testing.go:1792"}
{"level":"ERROR","timestamp":"2025-08-11T17:28:51.500+0800","caller":"commands/agent_generator.go:116","msg":"failed to generate agent context","error":"failed to parse template: open templates/agent/support_bot.ctx: no such file or directory","stacktrace":"github.com/contexis-cmp/contexis/src/cli/commands.GenerateAgent\n\t/Users/jedfordseculles/Projects/contexis/src/cli/commands/agent_generator.go:116\ngithub.com/contexis-cmp/contexis/src/cli/commands.GetAgentCommand.func1\n\t/Users/jedfordseculles/Projects/contexis/src/cli/commands/cli_commands.go:57\ngithub.com/spf13/cobra.(*Command).execute\n\t/Users/jedfordseculles/go/pkg/mod/github.com/spf13/cobra@v1.7.0/command.go:940\ngithub.com/spf13/cobra.(*Command).ExecuteC\n\t/Users/jedfordseculles/go/pkg/mod/github.com/spf13/cobra@v1.7.0/command.go:1068\ngithub.com/spf13/cobra.(*Command).Execute\n\t/Users/jedfordseculles/go/pkg/mod/github.com/spf13/cobra@v1.7.0/command.go:992\ngithub.com/contexis-cmp/contexis/tests/unit.(*CLICommandsTestSuite).TestAgentCommandValidation.func2\n\t/Users/jedfordseculles/Projects/contexis/tests/unit/cli_commands_test.go:100\ntesting.tRunner\n\t/Users/jedfordseculles/.local/share/mise/installs/go/1.24.6/src/testing/testing.go:1792"}
Error: failed to generate agent context: failed to parse template: open templates/agent/support_bot.ctx: no such file or directory
Usage:
  agent [name] [flags]

Flags:
  -h, --help            help for agent
  -m, --memory string   Memory type (episodic,none) (default "episodic")
  -t, --tools string    Comma-separated list of tools (web_search,database,api,file_system,email)

=== RUN   TestCLICommandsTestSuite/TestCommandErrorHandling
Error: unknown command "invalid_command" for "ctx"
Run 'ctx --help' for usage.
Error: accepts 1 arg(s), received 0
Usage:
  agent [name] [flags]

Flags:
  -h, --help            help for agent
  -m, --memory string   Memory type (episodic,none) (default "episodic")
  -t, --tools string    Comma-separated list of tools (web_search,database,api,file_system,email)

=== RUN   TestCLICommandsTestSuite/TestCommandHelp
A comprehensive CLI for the Context-Memory-Prompt (CMP) framework.

Usage:
  ctx [command]

Available Commands:
  completion  Generate the autocompletion script for the specified shell
  generate    Generate CMP components
  help        Help about any command
  version     Show version information

Flags:
  -h, --help   help for ctx

Use "ctx [command] --help" for more information about a command.
Generate RAG systems, agents, and workflows using CMP templates.

Usage:
  generate [command]

Available Commands:
  agent       Generate a conversational agent
  completion  Generate the autocompletion script for the specified shell
  help        Help about any command
  rag         Generate a RAG system
  workflow    Generate a workflow

Flags:
  -h, --help   help for generate

Use "generate [command] --help" for more information about a command.
Generate a conversational agent with specified tools and memory type.

Usage:
  agent [name] [flags]

Flags:
  -h, --help            help for agent
  -m, --memory string   Memory type (episodic,none) (default "episodic")
  -t, --tools string    Comma-separated list of tools (web_search,database,api,file_system,email)
=== RUN   TestCLICommandsTestSuite/TestCommandVersion
Contexis CMP Framework v0.1.0
=== RUN   TestCLICommandsTestSuite/TestGenerateCommandStructure
=== RUN   TestCLICommandsTestSuite/TestGenerateCommandSubcommands
    cli_commands_test.go:55: 
        	Error Trace:	/Users/jedfordseculles/Projects/contexis/tests/unit/cli_commands_test.go:55
        	Error:      	Should be true
        	Test:       	TestCLICommandsTestSuite/TestGenerateCommandSubcommands
        	Messages:   	Generate command should have subcommand: rag
    cli_commands_test.go:55: 
        	Error Trace:	/Users/jedfordseculles/Projects/contexis/tests/unit/cli_commands_test.go:55
        	Error:      	Should be true
        	Test:       	TestCLICommandsTestSuite/TestGenerateCommandSubcommands
        	Messages:   	Generate command should have subcommand: agent
    cli_commands_test.go:55: 
        	Error Trace:	/Users/jedfordseculles/Projects/contexis/tests/unit/cli_commands_test.go:55
        	Error:      	Should be true
        	Test:       	TestCLICommandsTestSuite/TestGenerateCommandSubcommands
        	Messages:   	Generate command should have subcommand: workflow
--- FAIL: TestCLICommandsTestSuite (0.01s)
    --- FAIL: TestCLICommandsTestSuite/TestAgentCommandExecution (0.00s)
        --- FAIL: TestCLICommandsTestSuite/TestAgentCommandExecution/successful_execution (0.00s)
        --- PASS: TestCLICommandsTestSuite/TestAgentCommandExecution/missing_tools_flag (0.00s)
        --- PASS: TestCLICommandsTestSuite/TestAgentCommandExecution/missing_memory_flag (0.00s)
    --- FAIL: TestCLICommandsTestSuite/TestAgentCommandFlagValidation (0.00s)
        --- FAIL: TestCLICommandsTestSuite/TestAgentCommandFlagValidation/valid_tools_web_search (0.00s)
        --- FAIL: TestCLICommandsTestSuite/TestAgentCommandFlagValidation/valid_tools_database (0.00s)
        --- FAIL: TestCLICommandsTestSuite/TestAgentCommandFlagValidation/valid_tools_api (0.00s)
        --- FAIL: TestCLICommandsTestSuite/TestAgentCommandFlagValidation/valid_tools_file_system (0.00s)
        --- FAIL: TestCLICommandsTestSuite/TestAgentCommandFlagValidation/valid_tools_email (0.00s)
        --- FAIL: TestCLICommandsTestSuite/TestAgentCommandFlagValidation/valid_tools_web_search,database (0.00s)
        --- FAIL: TestCLICommandsTestSuite/TestAgentCommandFlagValidation/valid_tools_api,email (0.00s)
        --- FAIL: TestCLICommandsTestSuite/TestAgentCommandFlagValidation/valid_tools_file_system,api,database (0.00s)
        --- FAIL: TestCLICommandsTestSuite/TestAgentCommandFlagValidation/valid_tools_ (0.00s)
        --- PASS: TestCLICommandsTestSuite/TestAgentCommandFlagValidation/invalid_tools_invalid_tool (0.00s)
        --- PASS: TestCLICommandsTestSuite/TestAgentCommandFlagValidation/invalid_tools_web_search,invalid_tool (0.00s)
        --- PASS: TestCLICommandsTestSuite/TestAgentCommandFlagValidation/invalid_tools_database,invalid_tool,api (0.00s)
        --- FAIL: TestCLICommandsTestSuite/TestAgentCommandFlagValidation/valid_memory_episodic (0.00s)
        --- FAIL: TestCLICommandsTestSuite/TestAgentCommandFlagValidation/valid_memory_none (0.00s)
        --- PASS: TestCLICommandsTestSuite/TestAgentCommandFlagValidation/invalid_memory_invalid_memory (0.00s)
        --- PASS: TestCLICommandsTestSuite/TestAgentCommandFlagValidation/invalid_memory_memory (0.00s)
        --- PASS: TestCLICommandsTestSuite/TestAgentCommandFlagValidation/invalid_memory_episodic_memory (0.00s)
    --- PASS: TestCLICommandsTestSuite/TestAgentCommandFlags (0.00s)
    --- FAIL: TestCLICommandsTestSuite/TestAgentCommandStructure (0.00s)
    --- FAIL: TestCLICommandsTestSuite/TestAgentCommandValidation (0.00s)
        --- FAIL: TestCLICommandsTestSuite/TestAgentCommandValidation/valid_name_SupportBot (0.00s)
        --- FAIL: TestCLICommandsTestSuite/TestAgentCommandValidation/valid_name_EmailBot (0.00s)
        --- FAIL: TestCLICommandsTestSuite/TestAgentCommandValidation/valid_name_FileBot (0.00s)
        --- FAIL: TestCLICommandsTestSuite/TestAgentCommandValidation/valid_name_test_agent (0.00s)
        --- FAIL: TestCLICommandsTestSuite/TestAgentCommandValidation/valid_name_agent-123 (0.00s)
        --- FAIL: TestCLICommandsTestSuite/TestAgentCommandValidation/valid_name_MyAgent (0.00s)
        --- PASS: TestCLICommandsTestSuite/TestAgentCommandValidation/invalid_name_a (0.00s)
        --- PASS: TestCLICommandsTestSuite/TestAgentCommandValidation/invalid_name_invalid_name_with_spaces (0.00s)
        --- PASS: TestCLICommandsTestSuite/TestAgentCommandValidation/invalid_name_invalid-name-with-special-chars!@# (0.00s)
        --- PASS: TestCLICommandsTestSuite/TestAgentCommandValidation/invalid_name_invalid/name/with/slashes (0.00s)
        --- PASS: TestCLICommandsTestSuite/TestAgentCommandValidation/invalid_name_invalid\name\with\backslashes (0.00s)
    --- PASS: TestCLICommandsTestSuite/TestCommandErrorHandling (0.00s)
    --- PASS: TestCLICommandsTestSuite/TestCommandHelp (0.00s)
    --- PASS: TestCLICommandsTestSuite/TestCommandVersion (0.00s)
    --- PASS: TestCLICommandsTestSuite/TestGenerateCommandStructure (0.00s)
    --- FAIL: TestCLICommandsTestSuite/TestGenerateCommandSubcommands (0.00s)
=== RUN   TestWorkflowGeneratorTestSuite
=== RUN   TestWorkflowGeneratorTestSuite/TestStepStructure
=== RUN   TestWorkflowGeneratorTestSuite/TestStepStructure/step_research
=== RUN   TestWorkflowGeneratorTestSuite/TestStepStructure/step_write
=== RUN   TestWorkflowGeneratorTestSuite/TestStepStructure/step_review
=== RUN   TestWorkflowGeneratorTestSuite/TestStepStructure/step_extract
=== RUN   TestWorkflowGeneratorTestSuite/TestStepStructure/step_transform
=== RUN   TestWorkflowGeneratorTestSuite/TestStepTypeValidation
=== RUN   TestWorkflowGeneratorTestSuite/TestStepTypeValidation/valid_research
=== RUN   TestWorkflowGeneratorTestSuite/TestStepTypeValidation/valid_write
=== RUN   TestWorkflowGeneratorTestSuite/TestStepTypeValidation/valid_review
=== RUN   TestWorkflowGeneratorTestSuite/TestStepTypeValidation/valid_extract
=== RUN   TestWorkflowGeneratorTestSuite/TestStepTypeValidation/valid_transform
=== RUN   TestWorkflowGeneratorTestSuite/TestStepTypeValidation/valid_load
=== RUN   TestWorkflowGeneratorTestSuite/TestStepTypeValidation/valid_analyze
=== RUN   TestWorkflowGeneratorTestSuite/TestStepTypeValidation/valid_generate
=== RUN   TestWorkflowGeneratorTestSuite/TestStepTypeValidation/valid_validate
=== RUN   TestWorkflowGeneratorTestSuite/TestStepTypeValidation/valid_deploy
=== RUN   TestWorkflowGeneratorTestSuite/TestStepTypeValidation/invalid_invalid_step
    helpers.go:628: 
        	Error Trace:	/Users/jedfordseculles/Projects/contexis/tests/unit/helpers/helpers.go:628
        	            				/Users/jedfordseculles/Projects/contexis/tests/unit/workflow_generator_test.go:199
        	            				/Users/jedfordseculles/Projects/contexis/tests/unit/workflow_generator_test.go:198
        	Error:      	[]string{"research", "write", "review", "extract", "transform", "load", "analyze", "generate", "validate", "deploy"} does not contain "invalid_step"
        	Test:       	TestWorkflowGeneratorTestSuite/TestStepTypeValidation/invalid_invalid_step
        	Messages:   	Step type should be valid: invalid_step
    workflow_generator_test.go:198: 
        	Error Trace:	/Users/jedfordseculles/Projects/contexis/tests/unit/workflow_generator_test.go:198
        	Error:      	func (assert.PanicTestFunc)(0x10267be30) should panic
        	            		Panic value:	<nil>
        	Test:       	TestWorkflowGeneratorTestSuite/TestStepTypeValidation/invalid_invalid_step
        	Messages:   	Invalid step type should fail validation: invalid_step
=== RUN   TestWorkflowGeneratorTestSuite/TestStepTypeValidation/invalid_
    helpers.go:627: 
        	Error Trace:	/Users/jedfordseculles/Projects/contexis/tests/unit/helpers/helpers.go:627
        	            				/Users/jedfordseculles/Projects/contexis/tests/unit/workflow_generator_test.go:199
        	            				/Users/jedfordseculles/Projects/contexis/tests/unit/workflow_generator_test.go:198
        	Error:      	Should NOT be empty, but was 
        	Test:       	TestWorkflowGeneratorTestSuite/TestStepTypeValidation/invalid_
        	Messages:   	Step type should not be empty
    helpers.go:628: 
        	Error Trace:	/Users/jedfordseculles/Projects/contexis/tests/unit/helpers/helpers.go:628
        	            				/Users/jedfordseculles/Projects/contexis/tests/unit/workflow_generator_test.go:199
        	            				/Users/jedfordseculles/Projects/contexis/tests/unit/workflow_generator_test.go:198
        	Error:      	[]string{"research", "write", "review", "extract", "transform", "load", "analyze", "generate", "validate", "deploy"} does not contain ""
        	Test:       	TestWorkflowGeneratorTestSuite/TestStepTypeValidation/invalid_
        	Messages:   	Step type should be valid: 
    workflow_generator_test.go:198: 
        	Error Trace:	/Users/jedfordseculles/Projects/contexis/tests/unit/workflow_generator_test.go:198
        	Error:      	func (assert.PanicTestFunc)(0x10267be30) should panic
        	            		Panic value:	<nil>
        	Test:       	TestWorkflowGeneratorTestSuite/TestStepTypeValidation/invalid_
        	Messages:   	Invalid step type should fail validation: 
=== RUN   TestWorkflowGeneratorTestSuite/TestStepTypeValidation/invalid_step
    helpers.go:628: 
        	Error Trace:	/Users/jedfordseculles/Projects/contexis/tests/unit/helpers/helpers.go:628
        	            				/Users/jedfordseculles/Projects/contexis/tests/unit/workflow_generator_test.go:199
        	            				/Users/jedfordseculles/Projects/contexis/tests/unit/workflow_generator_test.go:198
        	Error:      	[]string{"research", "write", "review", "extract", "transform", "load", "analyze", "generate", "validate", "deploy"} does not contain "step"
        	Test:       	TestWorkflowGeneratorTestSuite/TestStepTypeValidation/invalid_step
        	Messages:   	Step type should be valid: step
    workflow_generator_test.go:198: 
        	Error Trace:	/Users/jedfordseculles/Projects/contexis/tests/unit/workflow_generator_test.go:198
        	Error:      	func (assert.PanicTestFunc)(0x10267be30) should panic
        	            		Panic value:	<nil>
        	Test:       	TestWorkflowGeneratorTestSuite/TestStepTypeValidation/invalid_step
        	Messages:   	Invalid step type should fail validation: step
=== RUN   TestWorkflowGeneratorTestSuite/TestStepTypeValidation/invalid_research_step
    helpers.go:628: 
        	Error Trace:	/Users/jedfordseculles/Projects/contexis/tests/unit/helpers/helpers.go:628
        	            				/Users/jedfordseculles/Projects/contexis/tests/unit/workflow_generator_test.go:199
        	            				/Users/jedfordseculles/Projects/contexis/tests/unit/workflow_generator_test.go:198
        	Error:      	[]string{"research", "write", "review", "extract", "transform", "load", "analyze", "generate", "validate", "deploy"} does not contain "research_step"
        	Test:       	TestWorkflowGeneratorTestSuite/TestStepTypeValidation/invalid_research_step
        	Messages:   	Step type should be valid: research_step
    workflow_generator_test.go:198: 
        	Error Trace:	/Users/jedfordseculles/Projects/contexis/tests/unit/workflow_generator_test.go:198
        	Error:      	func (assert.PanicTestFunc)(0x10267be30) should panic
        	            		Panic value:	<nil>
        	Test:       	TestWorkflowGeneratorTestSuite/TestStepTypeValidation/invalid_research_step
        	Messages:   	Invalid step type should fail validation: research_step
=== RUN   TestWorkflowGeneratorTestSuite/TestStepTypeValidation/invalid_write_process
    helpers.go:628: 
        	Error Trace:	/Users/jedfordseculles/Projects/contexis/tests/unit/helpers/helpers.go:628
        	            				/Users/jedfordseculles/Projects/contexis/tests/unit/workflow_generator_test.go:199
        	            				/Users/jedfordseculles/Projects/contexis/tests/unit/workflow_generator_test.go:198
        	Error:      	[]string{"research", "write", "review", "extract", "transform", "load", "analyze", "generate", "validate", "deploy"} does not contain "write_process"
        	Test:       	TestWorkflowGeneratorTestSuite/TestStepTypeValidation/invalid_write_process
        	Messages:   	Step type should be valid: write_process
    workflow_generator_test.go:198: 
        	Error Trace:	/Users/jedfordseculles/Projects/contexis/tests/unit/workflow_generator_test.go:198
        	Error:      	func (assert.PanicTestFunc)(0x10267be30) should panic
        	            		Panic value:	<nil>
        	Test:       	TestWorkflowGeneratorTestSuite/TestStepTypeValidation/invalid_write_process
        	Messages:   	Invalid step type should fail validation: write_process
=== RUN   TestWorkflowGeneratorTestSuite/TestWorkflowConfigCreation
=== RUN   TestWorkflowGeneratorTestSuite/TestWorkflowConfigCreation/config_ContentPipeline
=== RUN   TestWorkflowGeneratorTestSuite/TestWorkflowConfigCreation/config_DataProcessing
=== RUN   TestWorkflowGeneratorTestSuite/TestWorkflowConfigCreation/config_MLTraining
=== RUN   TestWorkflowGeneratorTestSuite/TestWorkflowConfigCreation/config_test_workflow
=== RUN   TestWorkflowGeneratorTestSuite/TestWorkflowConfigCreation/config_workflow-123
=== RUN   TestWorkflowGeneratorTestSuite/TestWorkflowConfigCreation/config_MyWorkflow
=== RUN   TestWorkflowGeneratorTestSuite/TestWorkflowConfigDefaults
=== RUN   TestWorkflowGeneratorTestSuite/TestWorkflowConfigValidation
=== RUN   TestWorkflowGeneratorTestSuite/TestWorkflowConfigValidation/valid_research_write_review
=== RUN   TestWorkflowGeneratorTestSuite/TestWorkflowConfigValidation/valid_extract_transform_load
=== RUN   TestWorkflowGeneratorTestSuite/TestWorkflowConfigValidation/valid_analyze_generate_validate
=== RUN   TestWorkflowGeneratorTestSuite/TestWorkflowConfigValidation/valid_research_write
=== RUN   TestWorkflowGeneratorTestSuite/TestWorkflowConfigValidation/valid_deploy
=== RUN   TestWorkflowGeneratorTestSuite/TestWorkflowConfigValidation/invalid_
=== RUN   TestWorkflowGeneratorTestSuite/TestWorkflowConfigValidation/invalid_invalid_step
=== RUN   TestWorkflowGeneratorTestSuite/TestWorkflowConfigValidation/invalid_research_invalid_step_review
=== RUN   TestWorkflowGeneratorTestSuite/TestWorkflowConfigValidation/invalid_research_write_invalid_step_deploy
=== RUN   TestWorkflowGeneratorTestSuite/TestWorkflowConfigValidationEdgeCases
=== RUN   TestWorkflowGeneratorTestSuite/TestWorkflowNameValidation
=== RUN   TestWorkflowGeneratorTestSuite/TestWorkflowNameValidation/valid_ContentPipeline
=== RUN   TestWorkflowGeneratorTestSuite/TestWorkflowNameValidation/valid_DataProcessing
=== RUN   TestWorkflowGeneratorTestSuite/TestWorkflowNameValidation/valid_MLTraining
=== RUN   TestWorkflowGeneratorTestSuite/TestWorkflowNameValidation/valid_test_workflow
=== RUN   TestWorkflowGeneratorTestSuite/TestWorkflowNameValidation/valid_workflow-123
=== RUN   TestWorkflowGeneratorTestSuite/TestWorkflowNameValidation/valid_MyWorkflow
=== RUN   TestWorkflowGeneratorTestSuite/TestWorkflowNameValidation/invalid_
    helpers.go:608: 
        	Error Trace:	/Users/jedfordseculles/Projects/contexis/tests/unit/helpers/helpers.go:608
        	            				/Users/jedfordseculles/Projects/contexis/tests/unit/workflow_generator_test.go:166
        	            				/Users/jedfordseculles/Projects/contexis/tests/unit/workflow_generator_test.go:165
        	Error:      	Should NOT be empty, but was 
        	Test:       	TestWorkflowGeneratorTestSuite/TestWorkflowNameValidation/invalid_
        	Messages:   	Workflow name should not be empty
    helpers.go:609: 
        	Error Trace:	/Users/jedfordseculles/Projects/contexis/tests/unit/helpers/helpers.go:609
        	            				/Users/jedfordseculles/Projects/contexis/tests/unit/workflow_generator_test.go:166
        	            				/Users/jedfordseculles/Projects/contexis/tests/unit/workflow_generator_test.go:165
        	Error:      	Should be true
        	Test:       	TestWorkflowGeneratorTestSuite/TestWorkflowNameValidation/invalid_
        	Messages:   	Workflow name should be at least 2 characters
    workflow_generator_test.go:165: 
        	Error Trace:	/Users/jedfordseculles/Projects/contexis/tests/unit/workflow_generator_test.go:165
        	Error:      	func (assert.PanicTestFunc)(0x10267b900) should panic
        	            		Panic value:	<nil>
        	Test:       	TestWorkflowGeneratorTestSuite/TestWorkflowNameValidation/invalid_
        	Messages:   	Invalid workflow name should fail validation: 
=== RUN   TestWorkflowGeneratorTestSuite/TestWorkflowNameValidation/invalid_a
    helpers.go:609: 
        	Error Trace:	/Users/jedfordseculles/Projects/contexis/tests/unit/helpers/helpers.go:609
        	            				/Users/jedfordseculles/Projects/contexis/tests/unit/workflow_generator_test.go:166
        	            				/Users/jedfordseculles/Projects/contexis/tests/unit/workflow_generator_test.go:165
        	Error:      	Should be true
        	Test:       	TestWorkflowGeneratorTestSuite/TestWorkflowNameValidation/invalid_a
        	Messages:   	Workflow name should be at least 2 characters
    workflow_generator_test.go:165: 
        	Error Trace:	/Users/jedfordseculles/Projects/contexis/tests/unit/workflow_generator_test.go:165
        	Error:      	func (assert.PanicTestFunc)(0x10267b900) should panic
        	            		Panic value:	<nil>
        	Test:       	TestWorkflowGeneratorTestSuite/TestWorkflowNameValidation/invalid_a
        	Messages:   	Invalid workflow name should fail validation: a
=== RUN   TestWorkflowGeneratorTestSuite/TestWorkflowNameValidation/invalid_invalid_name_with_spaces
    helpers.go:610: 
        	Error Trace:	/Users/jedfordseculles/Projects/contexis/tests/unit/helpers/helpers.go:610
        	            				/Users/jedfordseculles/Projects/contexis/tests/unit/workflow_generator_test.go:166
        	            				/Users/jedfordseculles/Projects/contexis/tests/unit/workflow_generator_test.go:165
        	Error:      	Should be false
        	Test:       	TestWorkflowGeneratorTestSuite/TestWorkflowNameValidation/invalid_invalid_name_with_spaces
        	Messages:   	Workflow name should not contain spaces
    helpers.go:616: Workflow name should not contain special characters
    workflow_generator_test.go:165: 
        	Error Trace:	/Users/jedfordseculles/Projects/contexis/tests/unit/workflow_generator_test.go:165
        	Error:      	func (assert.PanicTestFunc)(0x10267b900) should panic
        	            		Panic value:	<nil>
        	Test:       	TestWorkflowGeneratorTestSuite/TestWorkflowNameValidation/invalid_invalid_name_with_spaces
        	Messages:   	Invalid workflow name should fail validation: invalid name with spaces
=== RUN   TestWorkflowGeneratorTestSuite/TestWorkflowNameValidation/invalid_invalid-name-with-special-chars!@#
    helpers.go:616: Workflow name should not contain special characters
    workflow_generator_test.go:165: 
        	Error Trace:	/Users/jedfordseculles/Projects/contexis/tests/unit/workflow_generator_test.go:165
        	Error:      	func (assert.PanicTestFunc)(0x10267b900) should panic
        	            		Panic value:	<nil>
        	Test:       	TestWorkflowGeneratorTestSuite/TestWorkflowNameValidation/invalid_invalid-name-with-special-chars!@#
        	Messages:   	Invalid workflow name should fail validation: invalid-name-with-special-chars!@#
=== RUN   TestWorkflowGeneratorTestSuite/TestWorkflowNameValidation/invalid_invalid/name/with/slashes
    helpers.go:611: 
        	Error Trace:	/Users/jedfordseculles/Projects/contexis/tests/unit/helpers/helpers.go:611
        	            				/Users/jedfordseculles/Projects/contexis/tests/unit/workflow_generator_test.go:166
        	            				/Users/jedfordseculles/Projects/contexis/tests/unit/workflow_generator_test.go:165
        	Error:      	Should be false
        	Test:       	TestWorkflowGeneratorTestSuite/TestWorkflowNameValidation/invalid_invalid/name/with/slashes
        	Messages:   	Workflow name should not contain slashes
    helpers.go:616: Workflow name should not contain special characters
    workflow_generator_test.go:165: 
        	Error Trace:	/Users/jedfordseculles/Projects/contexis/tests/unit/workflow_generator_test.go:165
        	Error:      	func (assert.PanicTestFunc)(0x10267b900) should panic
        	            		Panic value:	<nil>
        	Test:       	TestWorkflowGeneratorTestSuite/TestWorkflowNameValidation/invalid_invalid/name/with/slashes
        	Messages:   	Invalid workflow name should fail validation: invalid/name/with/slashes
=== RUN   TestWorkflowGeneratorTestSuite/TestWorkflowNameValidation/invalid_invalid\name\with\backslashes
    helpers.go:612: 
        	Error Trace:	/Users/jedfordseculles/Projects/contexis/tests/unit/helpers/helpers.go:612
        	            				/Users/jedfordseculles/Projects/contexis/tests/unit/workflow_generator_test.go:166
        	            				/Users/jedfordseculles/Projects/contexis/tests/unit/workflow_generator_test.go:165
        	Error:      	Should be false
        	Test:       	TestWorkflowGeneratorTestSuite/TestWorkflowNameValidation/invalid_invalid\name\with\backslashes
        	Messages:   	Workflow name should not contain backslashes
    helpers.go:616: Workflow name should not contain special characters
    workflow_generator_test.go:165: 
        	Error Trace:	/Users/jedfordseculles/Projects/contexis/tests/unit/workflow_generator_test.go:165
        	Error:      	func (assert.PanicTestFunc)(0x10267b900) should panic
        	            		Panic value:	<nil>
        	Test:       	TestWorkflowGeneratorTestSuite/TestWorkflowNameValidation/invalid_invalid\name\with\backslashes
        	Messages:   	Invalid workflow name should fail validation: invalid\name\with\backslashes
--- FAIL: TestWorkflowGeneratorTestSuite (0.00s)
    --- PASS: TestWorkflowGeneratorTestSuite/TestStepStructure (0.00s)
        --- PASS: TestWorkflowGeneratorTestSuite/TestStepStructure/step_research (0.00s)
        --- PASS: TestWorkflowGeneratorTestSuite/TestStepStructure/step_write (0.00s)
        --- PASS: TestWorkflowGeneratorTestSuite/TestStepStructure/step_review (0.00s)
        --- PASS: TestWorkflowGeneratorTestSuite/TestStepStructure/step_extract (0.00s)
        --- PASS: TestWorkflowGeneratorTestSuite/TestStepStructure/step_transform (0.00s)
    --- FAIL: TestWorkflowGeneratorTestSuite/TestStepTypeValidation (0.00s)
        --- PASS: TestWorkflowGeneratorTestSuite/TestStepTypeValidation/valid_research (0.00s)
        --- PASS: TestWorkflowGeneratorTestSuite/TestStepTypeValidation/valid_write (0.00s)
        --- PASS: TestWorkflowGeneratorTestSuite/TestStepTypeValidation/valid_review (0.00s)
        --- PASS: TestWorkflowGeneratorTestSuite/TestStepTypeValidation/valid_extract (0.00s)
        --- PASS: TestWorkflowGeneratorTestSuite/TestStepTypeValidation/valid_transform (0.00s)
        --- PASS: TestWorkflowGeneratorTestSuite/TestStepTypeValidation/valid_load (0.00s)
        --- PASS: TestWorkflowGeneratorTestSuite/TestStepTypeValidation/valid_analyze (0.00s)
        --- PASS: TestWorkflowGeneratorTestSuite/TestStepTypeValidation/valid_generate (0.00s)
        --- PASS: TestWorkflowGeneratorTestSuite/TestStepTypeValidation/valid_validate (0.00s)
        --- PASS: TestWorkflowGeneratorTestSuite/TestStepTypeValidation/valid_deploy (0.00s)
        --- FAIL: TestWorkflowGeneratorTestSuite/TestStepTypeValidation/invalid_invalid_step (0.00s)
        --- FAIL: TestWorkflowGeneratorTestSuite/TestStepTypeValidation/invalid_ (0.00s)
        --- FAIL: TestWorkflowGeneratorTestSuite/TestStepTypeValidation/invalid_step (0.00s)
        --- FAIL: TestWorkflowGeneratorTestSuite/TestStepTypeValidation/invalid_research_step (0.00s)
        --- FAIL: TestWorkflowGeneratorTestSuite/TestStepTypeValidation/invalid_write_process (0.00s)
    --- PASS: TestWorkflowGeneratorTestSuite/TestWorkflowConfigCreation (0.00s)
        --- PASS: TestWorkflowGeneratorTestSuite/TestWorkflowConfigCreation/config_ContentPipeline (0.00s)
        --- PASS: TestWorkflowGeneratorTestSuite/TestWorkflowConfigCreation/config_DataProcessing (0.00s)
        --- PASS: TestWorkflowGeneratorTestSuite/TestWorkflowConfigCreation/config_MLTraining (0.00s)
        --- PASS: TestWorkflowGeneratorTestSuite/TestWorkflowConfigCreation/config_test_workflow (0.00s)
        --- PASS: TestWorkflowGeneratorTestSuite/TestWorkflowConfigCreation/config_workflow-123 (0.00s)
        --- PASS: TestWorkflowGeneratorTestSuite/TestWorkflowConfigCreation/config_MyWorkflow (0.00s)
    --- PASS: TestWorkflowGeneratorTestSuite/TestWorkflowConfigDefaults (0.00s)
    --- PASS: TestWorkflowGeneratorTestSuite/TestWorkflowConfigValidation (0.00s)
        --- PASS: TestWorkflowGeneratorTestSuite/TestWorkflowConfigValidation/valid_research_write_review (0.00s)
        --- PASS: TestWorkflowGeneratorTestSuite/TestWorkflowConfigValidation/valid_extract_transform_load (0.00s)
        --- PASS: TestWorkflowGeneratorTestSuite/TestWorkflowConfigValidation/valid_analyze_generate_validate (0.00s)
        --- PASS: TestWorkflowGeneratorTestSuite/TestWorkflowConfigValidation/valid_research_write (0.00s)
        --- PASS: TestWorkflowGeneratorTestSuite/TestWorkflowConfigValidation/valid_deploy (0.00s)
        --- PASS: TestWorkflowGeneratorTestSuite/TestWorkflowConfigValidation/invalid_ (0.00s)
        --- PASS: TestWorkflowGeneratorTestSuite/TestWorkflowConfigValidation/invalid_invalid_step (0.00s)
        --- PASS: TestWorkflowGeneratorTestSuite/TestWorkflowConfigValidation/invalid_research_invalid_step_review (0.00s)
        --- PASS: TestWorkflowGeneratorTestSuite/TestWorkflowConfigValidation/invalid_research_write_invalid_step_deploy (0.00s)
    --- PASS: TestWorkflowGeneratorTestSuite/TestWorkflowConfigValidationEdgeCases (0.00s)
    --- FAIL: TestWorkflowGeneratorTestSuite/TestWorkflowNameValidation (0.00s)
        --- PASS: TestWorkflowGeneratorTestSuite/TestWorkflowNameValidation/valid_ContentPipeline (0.00s)
        --- PASS: TestWorkflowGeneratorTestSuite/TestWorkflowNameValidation/valid_DataProcessing (0.00s)
        --- PASS: TestWorkflowGeneratorTestSuite/TestWorkflowNameValidation/valid_MLTraining (0.00s)
        --- PASS: TestWorkflowGeneratorTestSuite/TestWorkflowNameValidation/valid_test_workflow (0.00s)
        --- PASS: TestWorkflowGeneratorTestSuite/TestWorkflowNameValidation/valid_workflow-123 (0.00s)
        --- PASS: TestWorkflowGeneratorTestSuite/TestWorkflowNameValidation/valid_MyWorkflow (0.00s)
        --- FAIL: TestWorkflowGeneratorTestSuite/TestWorkflowNameValidation/invalid_ (0.00s)
        --- FAIL: TestWorkflowGeneratorTestSuite/TestWorkflowNameValidation/invalid_a (0.00s)
        --- FAIL: TestWorkflowGeneratorTestSuite/TestWorkflowNameValidation/invalid_invalid_name_with_spaces (0.00s)
        --- FAIL: TestWorkflowGeneratorTestSuite/TestWorkflowNameValidation/invalid_invalid-name-with-special-chars!@# (0.00s)
        --- FAIL: TestWorkflowGeneratorTestSuite/TestWorkflowNameValidation/invalid_invalid/name/with/slashes (0.00s)
        --- FAIL: TestWorkflowGeneratorTestSuite/TestWorkflowNameValidation/invalid_invalid\name\with\backslashes (0.00s)
FAIL
coverage: [no statements]
FAIL	github.com/contexis-cmp/contexis/tests/unit	0.381s
	github.com/contexis-cmp/contexis/tests/unit/helpers		coverage: 0.0% of statements
FAIL
